2025-03-31 09:26:46,458 INFO  [org.jboss.modules] (main) JBoss Modules version 1.10.1.Final
2025-03-31 09:26:46,609 INFO  [org.jboss.msc] (main) JBoss MSC version 1.4.11.Final
2025-03-31 09:26:46,612 INFO  [org.jboss.threads] (main) JBoss Threads version 2.3.3.Final
2025-03-31 09:26:46,648 INFO  [org.jboss.as] (MSC service thread 1-2) WFLYSRV0049: Keycloak 11.0.1 (WildFly Core 12.0.3.Final) starting
2025-03-31 09:26:46,648 DEBUG [org.jboss.as.config] (MSC service thread 1-2) Configured system properties:
	[Standalone] = 
	file.encoding = UTF-8
	file.separator = /
	java.awt.headless = true
	java.class.path = /home/pablo-vinuales/keycloak-11.0.1/jboss-modules.jar
	java.class.version = 65.0
	java.home = /usr/lib/jvm/java-21-openjdk-amd64
	java.io.tmpdir = /tmp
	java.library.path = /usr/java/packages/lib:/usr/lib/x86_64-linux-gnu/jni:/lib/x86_64-linux-gnu:/usr/lib/x86_64-linux-gnu:/usr/lib/jni:/lib:/usr/lib
	java.net.preferIPv4Stack = true
	java.runtime.name = OpenJDK Runtime Environment
	java.runtime.version = 21.0.6+7-Ubuntu-124.10.1
	java.specification.name = Java Platform API Specification
	java.specification.vendor = Oracle Corporation
	java.specification.version = 21
	java.util.logging.manager = org.jboss.logmanager.LogManager
	java.vendor = Ubuntu
	java.vendor.url = https://ubuntu.com/
	java.vendor.url.bug = https://bugs.launchpad.net/ubuntu/+source/openjdk-21
	java.version = 21.0.6
	java.version.date = 2025-01-21
	java.vm.compressedOopsMode = 32-bit
	java.vm.info = mixed mode, sharing
	java.vm.name = OpenJDK 64-Bit Server VM
	java.vm.specification.name = Java Virtual Machine Specification
	java.vm.specification.vendor = Oracle Corporation
	java.vm.specification.version = 21
	java.vm.vendor = Ubuntu
	java.vm.version = 21.0.6+7-Ubuntu-124.10.1
	javax.management.builder.initial = org.jboss.as.jmx.PluggableMBeanServerBuilder
	jboss.bind.address = 0.0.0.0
	jboss.home.dir = /home/pablo-vinuales/keycloak-11.0.1
	jboss.host.name = pablo-vinuales-optiplex-sff-plus-7020
	jboss.modules.dir = /home/pablo-vinuales/keycloak-11.0.1/modules
	jboss.modules.system.pkgs = org.jboss.byteman
	jboss.node.name = pablo-vinuales-optiplex-sff-plus-7020
	jboss.qualified.host.name = pablo-vinuales-optiplex-sff-plus-7020
	jboss.server.base.dir = /home/pablo-vinuales/keycloak-11.0.1/standalone
	jboss.server.config.dir = /home/pablo-vinuales/keycloak-11.0.1/standalone/configuration
	jboss.server.data.dir = /home/pablo-vinuales/keycloak-11.0.1/standalone/data
	jboss.server.deploy.dir = /home/pablo-vinuales/keycloak-11.0.1/standalone/data/content
	jboss.server.log.dir = /home/pablo-vinuales/keycloak-11.0.1/standalone/log
	jboss.server.name = pablo-vinuales-optiplex-sff-plus-7020
	jboss.server.persist.config = true
	jboss.server.temp.dir = /home/pablo-vinuales/keycloak-11.0.1/standalone/tmp
	jdk.debug = release
	line.separator = 

	logging.configuration = file:/home/pablo-vinuales/keycloak-11.0.1/standalone/configuration/logging.properties
	module.path = /home/pablo-vinuales/keycloak-11.0.1/modules
	native.encoding = UTF-8
	org.jboss.boot.log.file = /home/pablo-vinuales/keycloak-11.0.1/standalone/log/server.log
	org.jboss.resolver.warning = true
	os.arch = amd64
	os.name = Linux
	os.version = 6.11.0-19-generic
	path.separator = :
	stderr.encoding = UTF-8
	stdout.encoding = UTF-8
	sun.arch.data.model = 64
	sun.boot.library.path = /usr/lib/jvm/java-21-openjdk-amd64/lib
	sun.cpu.endian = little
	sun.io.unicode.encoding = UnicodeLittle
	sun.java.command = /home/pablo-vinuales/keycloak-11.0.1/jboss-modules.jar -mp /home/pablo-vinuales/keycloak-11.0.1/modules org.jboss.as.standalone -Djboss.home.dir=/home/pablo-vinuales/keycloak-11.0.1 -Djboss.server.base.dir=/home/pablo-vinuales/keycloak-11.0.1/standalone -b 0.0.0.0
	sun.java.launcher = SUN_STANDARD
	sun.jnu.encoding = UTF-8
	sun.management.compiler = HotSpot 64-Bit Tiered Compilers
	user.country = ES
	user.dir = /home/pablo-vinuales/keycloak-11.0.1/bin
	user.home = /home/pablo-vinuales
	user.language = es
	user.name = pablo-vinuales
	user.timezone = Europe/Madrid
2025-03-31 09:26:46,649 DEBUG [org.jboss.as.config] (MSC service thread 1-2) VM Arguments: -D[Standalone] -Xms64m -Xmx512m -XX:MetaspaceSize=96M -XX:MaxMetaspaceSize=256m -Djava.net.preferIPv4Stack=true -Djboss.modules.system.pkgs=org.jboss.byteman -Djava.awt.headless=true --add-exports=java.base/sun.nio.ch=ALL-UNNAMED --add-exports=jdk.unsupported/sun.misc=ALL-UNNAMED --add-exports=jdk.unsupported/sun.reflect=ALL-UNNAMED -Dorg.jboss.boot.log.file=/home/pablo-vinuales/keycloak-11.0.1/standalone/log/server.log -Dlogging.configuration=file:/home/pablo-vinuales/keycloak-11.0.1/standalone/configuration/logging.properties 
2025-03-31 09:26:46,820 INFO  [org.wildfly.security] (ServerService Thread Pool -- 20) ELY00001: WildFly Elytron version 1.12.1.Final
2025-03-31 09:26:46,961 INFO  [org.jboss.as.controller.management-deprecated] (Controller Boot Thread) WFLYCTL0028: Attribute 'security-realm' in the resource at address '/core-service=management/management-interface=http-interface' is deprecated, and may be removed in a future version. See the attribute description in the output of the read-resource-description operation to learn more about the deprecation.
2025-03-31 09:26:46,967 INFO  [org.jboss.as.controller.management-deprecated] (ServerService Thread Pool -- 18) WFLYCTL0028: Attribute 'security-realm' in the resource at address '/subsystem=undertow/server=default-server/https-listener=https' is deprecated, and may be removed in a future version. See the attribute description in the output of the read-resource-description operation to learn more about the deprecation.
2025-03-31 09:26:47,002 INFO  [org.jboss.as.server] (Controller Boot Thread) WFLYSRV0039: Creating http management service using socket-binding (management-http)
2025-03-31 09:26:47,009 INFO  [org.xnio] (MSC service thread 1-2) XNIO version 3.8.1.Final
2025-03-31 09:26:47,012 INFO  [org.xnio.nio] (MSC service thread 1-2) XNIO NIO Implementation Version 3.8.1.Final
2025-03-31 09:26:47,021 INFO  [org.jboss.as.clustering.infinispan] (ServerService Thread Pool -- 37) WFLYCLINF0001: Activating Infinispan subsystem.
2025-03-31 09:26:47,021 WARN  [org.jboss.as.txn] (ServerService Thread Pool -- 49) WFLYTX0013: The node-identifier attribute on the /subsystem=transactions is set to the default value. This is a danger for environments running multiple servers. Please make sure the attribute value is unique.
2025-03-31 09:26:47,022 INFO  [org.wildfly.extension.io] (ServerService Thread Pool -- 36) WFLYIO001: Worker 'default' has auto-configured to 56 IO threads with 448 max task threads based on your 28 available processors
2025-03-31 09:26:47,022 INFO  [org.jboss.as.naming] (ServerService Thread Pool -- 43) WFLYNAM0001: Activating Naming Subsystem
2025-03-31 09:26:47,022 INFO  [org.wildfly.extension.microprofile.config.smallrye._private] (ServerService Thread Pool -- 51) WFLYCONF0001: Activating WildFly MicroProfile Config Subsystem
2025-03-31 09:26:47,024 INFO  [org.jboss.as.security] (ServerService Thread Pool -- 48) WFLYSEC0002: Activating Security Subsystem
2025-03-31 09:26:47,026 INFO  [org.jboss.as.security] (MSC service thread 1-2) WFLYSEC0001: Current PicketBox version=5.0.3.Final-redhat-00005
2025-03-31 09:26:47,026 INFO  [org.jboss.as.connector] (MSC service thread 1-1) WFLYJCA0009: Starting JCA Subsystem (WildFly/IronJacamar 1.4.22.Final)
2025-03-31 09:26:47,030 INFO  [org.jboss.as.jaxrs] (ServerService Thread Pool -- 38) WFLYRS0016: RESTEasy version 3.12.1.Final
2025-03-31 09:26:47,030 INFO  [org.wildfly.extension.microprofile.health.smallrye] (ServerService Thread Pool -- 52) WFLYHEALTH0001: Activating Eclipse MicroProfile Health Subsystem
2025-03-31 09:26:47,031 INFO  [org.wildfly.extension.microprofile.metrics.smallrye] (ServerService Thread Pool -- 53) WFLYMETRICS0001: Activating Eclipse MicroProfile Metrics Subsystem
2025-03-31 09:26:47,034 INFO  [org.jboss.remoting] (MSC service thread 1-3) JBoss Remoting version 5.0.18.Final
2025-03-31 09:26:47,037 INFO  [org.wildfly.extension.undertow] (MSC service thread 1-1) WFLYUT0003: Undertow 2.1.3.Final starting
2025-03-31 09:26:47,038 INFO  [org.jboss.as.naming] (MSC service thread 1-4) WFLYNAM0003: Starting Naming Service
2025-03-31 09:26:47,039 INFO  [org.jboss.as.mail.extension] (MSC service thread 1-1) WFLYMAIL0001: Bound mail session [java:jboss/mail/Default]
2025-03-31 09:26:47,040 WARN  [org.wildfly.clustering.web.undertow] (ServerService Thread Pool -- 54) WFLYCLWEBUT0007: No routing provider found for default-server; using legacy provider based on static configuration
2025-03-31 09:26:47,042 INFO  [org.jboss.as.connector.subsystems.datasources] (ServerService Thread Pool -- 32) WFLYJCA0004: Deploying JDBC-compliant driver class org.h2.Driver (version 1.4)
2025-03-31 09:26:47,048 INFO  [org.jboss.as.connector.deployers.jdbc] (MSC service thread 1-3) WFLYJCA0018: Started Driver service with driver-name = h2
2025-03-31 09:26:47,069 INFO  [org.wildfly.extension.undertow] (ServerService Thread Pool -- 54) WFLYUT0014: Creating file handler for path '/home/pablo-vinuales/keycloak-11.0.1/welcome-content' with options [directory-listing: 'false', follow-symlink: 'false', case-sensitive: 'true', safe-symlink-paths: '[]']
2025-03-31 09:26:47,072 INFO  [org.wildfly.extension.undertow] (MSC service thread 1-1) WFLYUT0012: Started server default-server.
2025-03-31 09:26:47,073 INFO  [org.wildfly.extension.undertow] (MSC service thread 1-5) WFLYUT0018: Host default-host starting
2025-03-31 09:26:47,085 INFO  [org.jboss.as.ejb3] (MSC service thread 1-4) WFLYEJB0481: Strict pool slsb-strict-max-pool is using a max instance size of 448 (per class), which is derived from thread worker pool sizing.
2025-03-31 09:26:47,085 INFO  [org.jboss.as.ejb3] (MSC service thread 1-8) WFLYEJB0482: Strict pool mdb-strict-max-pool is using a max instance size of 112 (per class), which is derived from the number of CPUs on this host.
2025-03-31 09:26:47,101 INFO  [org.wildfly.extension.undertow] (MSC service thread 1-3) WFLYUT0006: Undertow HTTP listener default listening on 0.0.0.0:8585
2025-03-31 09:26:47,132 INFO  [org.jboss.as.ejb3] (MSC service thread 1-2) WFLYEJB0493: EJB subsystem suspension complete
2025-03-31 09:26:47,153 INFO  [org.jboss.as.connector.subsystems.datasources] (MSC service thread 1-1) WFLYJCA0001: Bound data source [java:jboss/datasources/KeycloakDS]
2025-03-31 09:26:47,153 INFO  [org.jboss.as.connector.subsystems.datasources] (MSC service thread 1-6) WFLYJCA0001: Bound data source [java:jboss/datasources/ExampleDS]
2025-03-31 09:26:47,163 INFO  [org.jboss.as.patching] (MSC service thread 1-2) WFLYPAT0050: Keycloak cumulative patch ID is: base, one-off patches include: none
2025-03-31 09:26:47,164 WARN  [org.jboss.as.domain.management.security] (MSC service thread 1-8) WFLYDM0111: Keystore /home/pablo-vinuales/keycloak-11.0.1/standalone/configuration/application.keystore not found, it will be auto generated on first use with a self signed certificate for host localhost
2025-03-31 09:26:47,164 INFO  [org.jboss.as.server.deployment.scanner] (MSC service thread 1-7) WFLYDS0013: Started FileSystemDeploymentService for directory /home/pablo-vinuales/keycloak-11.0.1/standalone/deployments
2025-03-31 09:26:47,168 INFO  [org.jboss.as.server.deployment] (MSC service thread 1-2) WFLYSRV0027: Starting deployment of "keycloak-server.war" (runtime-name: "keycloak-server.war")
2025-03-31 09:26:47,198 INFO  [org.wildfly.extension.undertow] (MSC service thread 1-5) WFLYUT0006: Undertow HTTPS listener https listening on 0.0.0.0:8443
2025-03-31 09:26:47,406 INFO  [org.infinispan.PERSISTENCE] (MSC service thread 1-1) ISPN000556: Starting user marshaller 'org.wildfly.clustering.infinispan.marshalling.jboss.JBossMarshaller'
2025-03-31 09:26:47,406 INFO  [org.infinispan.PERSISTENCE] (MSC service thread 1-4) ISPN000556: Starting user marshaller 'org.wildfly.clustering.infinispan.marshalling.jboss.JBossMarshaller'
2025-03-31 09:26:47,413 INFO  [org.infinispan.CONTAINER] (MSC service thread 1-1) ISPN000128: Infinispan version: Infinispan 'Turia' 10.1.8.Final
2025-03-31 09:26:47,463 INFO  [org.jboss.as.clustering.infinispan] (ServerService Thread Pool -- 56) WFLYCLINF0002: Started client-mappings cache from ejb container
2025-03-31 09:26:47,469 INFO  [org.jboss.as.clustering.infinispan] (ServerService Thread Pool -- 65) WFLYCLINF0002: Started authenticationSessions cache from keycloak container
2025-03-31 09:26:47,469 INFO  [org.jboss.as.clustering.infinispan] (ServerService Thread Pool -- 62) WFLYCLINF0002: Started actionTokens cache from keycloak container
2025-03-31 09:26:47,469 INFO  [org.jboss.as.clustering.infinispan] (ServerService Thread Pool -- 57) WFLYCLINF0002: Started loginFailures cache from keycloak container
2025-03-31 09:26:47,469 INFO  [org.jboss.as.clustering.infinispan] (ServerService Thread Pool -- 60) WFLYCLINF0002: Started offlineClientSessions cache from keycloak container
2025-03-31 09:26:47,469 INFO  [org.jboss.as.clustering.infinispan] (ServerService Thread Pool -- 67) WFLYCLINF0002: Started offlineSessions cache from keycloak container
2025-03-31 09:26:47,469 INFO  [org.jboss.as.clustering.infinispan] (ServerService Thread Pool -- 68) WFLYCLINF0002: Started clientSessions cache from keycloak container
2025-03-31 09:26:47,469 INFO  [org.jboss.as.clustering.infinispan] (ServerService Thread Pool -- 64) WFLYCLINF0002: Started work cache from keycloak container
2025-03-31 09:26:47,469 INFO  [org.jboss.as.clustering.infinispan] (ServerService Thread Pool -- 59) WFLYCLINF0002: Started sessions cache from keycloak container
2025-03-31 09:26:47,482 INFO  [org.jboss.as.clustering.infinispan] (ServerService Thread Pool -- 63) WFLYCLINF0002: Started keys cache from keycloak container
2025-03-31 09:26:47,482 INFO  [org.jboss.as.clustering.infinispan] (ServerService Thread Pool -- 66) WFLYCLINF0002: Started realms cache from keycloak container
2025-03-31 09:26:47,482 INFO  [org.jboss.as.clustering.infinispan] (ServerService Thread Pool -- 61) WFLYCLINF0002: Started users cache from keycloak container
2025-03-31 09:26:47,482 INFO  [org.jboss.as.clustering.infinispan] (ServerService Thread Pool -- 58) WFLYCLINF0002: Started authorization cache from keycloak container
2025-03-31 09:26:47,532 WARN  [org.jboss.as.server.deployment] (MSC service thread 1-3) WFLYSRV0273: Excluded subsystem webservices via jboss-deployment-structure.xml does not exist.
2025-03-31 09:26:47,714 INFO  [org.keycloak.services] (ServerService Thread Pool -- 56) KC-SERVICES0001: Loading config from standalone.xml or domain.xml
2025-03-31 09:26:47,755 INFO  [org.keycloak.url.DefaultHostnameProviderFactory] (ServerService Thread Pool -- 56) Frontend: <request>, Admin: <frontend>, Backend: <request>
2025-03-31 09:26:47,837 INFO  [org.jboss.as.clustering.infinispan] (ServerService Thread Pool -- 56) WFLYCLINF0002: Started realmRevisions cache from keycloak container
2025-03-31 09:26:47,838 INFO  [org.jboss.as.clustering.infinispan] (ServerService Thread Pool -- 56) WFLYCLINF0002: Started userRevisions cache from keycloak container
2025-03-31 09:26:47,839 INFO  [org.jboss.as.clustering.infinispan] (ServerService Thread Pool -- 56) WFLYCLINF0002: Started authorizationRevisions cache from keycloak container
2025-03-31 09:26:47,839 INFO  [org.keycloak.connections.infinispan.DefaultInfinispanConnectionProviderFactory] (ServerService Thread Pool -- 56) Node name: pablo-vinuales-optiplex-sff-plus-7020, Site name: null
2025-03-31 09:26:48,565 INFO  [org.hibernate.jpa.internal.util.LogHelper] (ServerService Thread Pool -- 56) HHH000204: Processing PersistenceUnitInfo [
	name: keycloak-default
	...]
2025-03-31 09:26:48,583 INFO  [org.hibernate.Version] (ServerService Thread Pool -- 56) HHH000412: Hibernate Core {5.3.17.Final}
2025-03-31 09:26:48,584 INFO  [org.hibernate.cfg.Environment] (ServerService Thread Pool -- 56) HHH000206: hibernate.properties not found
2025-03-31 09:26:48,622 INFO  [org.hibernate.annotations.common.Version] (ServerService Thread Pool -- 56) HCANN000001: Hibernate Commons Annotations {5.0.5.Final}
2025-03-31 09:26:48,672 INFO  [org.hibernate.dialect.Dialect] (ServerService Thread Pool -- 56) HHH000400: Using dialect: org.hibernate.dialect.H2Dialect
2025-03-31 09:26:48,674 WARN  [org.hibernate.dialect.H2Dialect] (ServerService Thread Pool -- 56) HHH000431: Unable to determine H2 database version, certain features may not work
2025-03-31 09:26:48,687 INFO  [org.hibernate.envers.boot.internal.EnversServiceImpl] (ServerService Thread Pool -- 56) Envers integration enabled? : true
2025-03-31 09:26:48,824 INFO  [org.hibernate.orm.beans] (ServerService Thread Pool -- 56) HHH10005002: No explicit CDI BeanManager reference was passed to Hibernate, but CDI is available on the Hibernate ClassLoader.
2025-03-31 09:26:48,843 INFO  [org.hibernate.validator.internal.util.Version] (ServerService Thread Pool -- 56) HV000001: Hibernate Validator 6.0.20.Final
2025-03-31 09:26:49,153 INFO  [org.hibernate.hql.internal.QueryTranslatorFactoryInitiator] (ServerService Thread Pool -- 56) HHH000397: Using ASTQueryTranslatorFactory
2025-03-31 09:26:49,368 INFO  [org.jboss.resteasy.resteasy_jaxrs.i18n] (ServerService Thread Pool -- 56) RESTEASY002225: Deploying javax.ws.rs.core.Application: class org.keycloak.services.resources.KeycloakApplication
2025-03-31 09:26:49,369 INFO  [org.jboss.resteasy.resteasy_jaxrs.i18n] (ServerService Thread Pool -- 56) RESTEASY002205: Adding provider class org.keycloak.services.error.KeycloakErrorHandler from Application class org.keycloak.services.resources.KeycloakApplication
2025-03-31 09:26:49,369 INFO  [org.jboss.resteasy.resteasy_jaxrs.i18n] (ServerService Thread Pool -- 56) RESTEASY002200: Adding class resource org.keycloak.services.resources.ThemeResource from Application class org.keycloak.services.resources.KeycloakApplication
2025-03-31 09:26:49,369 INFO  [org.jboss.resteasy.resteasy_jaxrs.i18n] (ServerService Thread Pool -- 56) RESTEASY002200: Adding class resource org.keycloak.services.resources.JsResource from Application class org.keycloak.services.resources.KeycloakApplication
2025-03-31 09:26:49,369 INFO  [org.jboss.resteasy.resteasy_jaxrs.i18n] (ServerService Thread Pool -- 56) RESTEASY002205: Adding provider class org.keycloak.services.filters.KeycloakSecurityHeadersFilter from Application class org.keycloak.services.resources.KeycloakApplication
2025-03-31 09:26:49,370 INFO  [org.jboss.resteasy.resteasy_jaxrs.i18n] (ServerService Thread Pool -- 56) RESTEASY002220: Adding singleton resource org.keycloak.services.resources.WelcomeResource from Application class org.keycloak.services.resources.KeycloakApplication
2025-03-31 09:26:49,370 INFO  [org.jboss.resteasy.resteasy_jaxrs.i18n] (ServerService Thread Pool -- 56) RESTEASY002220: Adding singleton resource org.keycloak.services.resources.admin.AdminRoot from Application class org.keycloak.services.resources.KeycloakApplication
2025-03-31 09:26:49,370 INFO  [org.jboss.resteasy.resteasy_jaxrs.i18n] (ServerService Thread Pool -- 56) RESTEASY002220: Adding singleton resource org.keycloak.services.resources.RobotsResource from Application class org.keycloak.services.resources.KeycloakApplication
2025-03-31 09:26:49,370 INFO  [org.jboss.resteasy.resteasy_jaxrs.i18n] (ServerService Thread Pool -- 56) RESTEASY002220: Adding singleton resource org.keycloak.services.resources.RealmsResource from Application class org.keycloak.services.resources.KeycloakApplication
2025-03-31 09:26:49,370 INFO  [org.jboss.resteasy.resteasy_jaxrs.i18n] (ServerService Thread Pool -- 56) RESTEASY002210: Adding provider singleton org.keycloak.services.util.ObjectMapperResolver from Application class org.keycloak.services.resources.KeycloakApplication
2025-03-31 09:26:49,396 INFO  [org.wildfly.extension.undertow] (ServerService Thread Pool -- 56) WFLYUT0021: Registered web context: '/auth' for server 'default-server'
2025-03-31 09:26:49,416 INFO  [org.jboss.as.server] (ServerService Thread Pool -- 55) WFLYSRV0010: Deployed "keycloak-server.war" (runtime-name : "keycloak-server.war")
2025-03-31 09:26:49,433 INFO  [org.jboss.as.server] (Controller Boot Thread) WFLYSRV0212: Resuming server
2025-03-31 09:26:49,434 INFO  [org.jboss.as] (Controller Boot Thread) WFLYSRV0025: Keycloak 11.0.1 (WildFly Core 12.0.3.Final) started in 3105ms - Started 588 of 886 services (601 services are lazy, passive or on-demand)
2025-03-31 09:26:49,435 INFO  [org.jboss.as] (Controller Boot Thread) WFLYSRV0060: Http management interface listening on http://127.0.0.1:9990/management
2025-03-31 09:26:49,435 INFO  [org.jboss.as] (Controller Boot Thread) WFLYSRV0051: Admin console listening on http://127.0.0.1:9990
2025-03-31 09:48:01,987 INFO  [org.jboss.as.server] (Thread-1) WFLYSRV0272: Suspending server
2025-03-31 09:48:01,989 INFO  [org.jboss.as.ejb3] (Thread-1) WFLYEJB0493: EJB subsystem suspension complete
2025-03-31 09:48:01,990 INFO  [org.jboss.as.server] (Thread-1) WFLYSRV0220: Server shutdown has been requested via an OS signal
2025-03-31 09:48:01,997 INFO  [org.jboss.as.connector.subsystems.datasources] (MSC service thread 1-6) WFLYJCA0010: Unbound data source [java:jboss/datasources/KeycloakDS]
2025-03-31 09:48:01,998 INFO  [org.jboss.as.mail.extension] (MSC service thread 1-2) WFLYMAIL0002: Unbound mail session [java:jboss/mail/Default]
2025-03-31 09:48:01,999 INFO  [org.wildfly.extension.undertow] (MSC service thread 1-3) WFLYUT0008: Undertow HTTPS listener https suspending
2025-03-31 09:48:01,999 INFO  [org.wildfly.extension.undertow] (MSC service thread 1-3) WFLYUT0007: Undertow HTTPS listener https stopped, was bound to 0.0.0.0:8443
2025-03-31 09:48:02,000 INFO  [org.wildfly.extension.undertow] (ServerService Thread Pool -- 56) WFLYUT0022: Unregistered web context: '/auth' from server 'default-server'
2025-03-31 09:48:02,006 INFO  [org.jboss.as.connector.subsystems.datasources] (MSC service thread 1-4) WFLYJCA0010: Unbound data source [java:jboss/datasources/ExampleDS]
2025-03-31 09:48:02,006 INFO  [org.jboss.as.connector.deployers.jdbc] (MSC service thread 1-4) WFLYJCA0019: Stopped Driver service with driver-name = h2
2025-03-31 09:48:02,012 INFO  [org.wildfly.extension.undertow] (MSC service thread 1-2) WFLYUT0019: Host default-host stopping
2025-03-31 09:48:02,012 INFO  [org.wildfly.extension.undertow] (MSC service thread 1-8) WFLYUT0008: Undertow HTTP listener default suspending
2025-03-31 09:48:02,014 INFO  [org.jboss.as.clustering.infinispan] (ServerService Thread Pool -- 56) WFLYCLINF0003: Stopped client-mappings cache from ejb container
2025-03-31 09:48:02,015 INFO  [org.jboss.as.clustering.infinispan] (ServerService Thread Pool -- 72) WFLYCLINF0003: Stopped authenticationSessions cache from keycloak container
2025-03-31 09:48:02,015 INFO  [org.jboss.as.clustering.infinispan] (ServerService Thread Pool -- 71) WFLYCLINF0003: Stopped actionTokens cache from keycloak container
2025-03-31 09:48:02,015 INFO  [org.jboss.as.clustering.infinispan] (ServerService Thread Pool -- 56) WFLYCLINF0003: Stopped work cache from keycloak container
2025-03-31 09:48:02,015 INFO  [org.wildfly.extension.undertow] (MSC service thread 1-8) WFLYUT0007: Undertow HTTP listener default stopped, was bound to 0.0.0.0:8585
2025-03-31 09:48:02,016 INFO  [org.jboss.as.clustering.infinispan] (ServerService Thread Pool -- 75) WFLYCLINF0003: Stopped keys cache from keycloak container
2025-03-31 09:48:02,016 INFO  [org.jboss.as.clustering.infinispan] (ServerService Thread Pool -- 76) WFLYCLINF0003: Stopped clientSessions cache from keycloak container
2025-03-31 09:48:02,016 INFO  [org.jboss.as.clustering.infinispan] (ServerService Thread Pool -- 77) WFLYCLINF0003: Stopped offlineSessions cache from keycloak container
2025-03-31 09:48:02,016 INFO  [org.jboss.as.clustering.infinispan] (ServerService Thread Pool -- 74) WFLYCLINF0003: Stopped offlineClientSessions cache from keycloak container
2025-03-31 09:48:02,016 INFO  [org.jboss.as.clustering.infinispan] (ServerService Thread Pool -- 78) WFLYCLINF0003: Stopped loginFailures cache from keycloak container
2025-03-31 09:48:02,016 INFO  [org.jboss.as.clustering.infinispan] (ServerService Thread Pool -- 80) WFLYCLINF0003: Stopped authorization cache from keycloak container
2025-03-31 09:48:02,016 INFO  [org.jboss.as.clustering.infinispan] (ServerService Thread Pool -- 79) WFLYCLINF0003: Stopped sessions cache from keycloak container
2025-03-31 09:48:02,017 INFO  [org.wildfly.extension.undertow] (MSC service thread 1-3) WFLYUT0004: Undertow 2.1.3.Final stopping
2025-03-31 09:48:02,017 INFO  [org.infinispan.manager.DefaultCacheManager] (MSC service thread 1-6) Stopping cache manager null on null
2025-03-31 09:48:02,018 INFO  [org.jboss.as.clustering.infinispan] (ServerService Thread Pool -- 81) WFLYCLINF0003: Stopped users cache from keycloak container
2025-03-31 09:48:02,019 INFO  [org.jboss.as.clustering.infinispan] (ServerService Thread Pool -- 73) WFLYCLINF0003: Stopped realms cache from keycloak container
2025-03-31 09:48:02,019 INFO  [org.jboss.as.server.deployment] (MSC service thread 1-8) WFLYSRV0028: Stopped deployment keycloak-server.war (runtime-name: keycloak-server.war) in 25ms
2025-03-31 09:48:02,019 INFO  [org.infinispan.manager.DefaultCacheManager] (MSC service thread 1-7) Stopping cache manager null on null
2025-03-31 09:48:02,024 INFO  [org.jboss.as] (MSC service thread 1-8) WFLYSRV0050: Keycloak 11.0.1 (WildFly Core 12.0.3.Final) stopped in 30ms
2025-03-31 13:05:35,578 INFO  [org.jboss.as.server.deployment.scanner] (MSC service thread 1-7) WFLYDS0013: Started FileSystemDeploymentService for directory /home/pablo-vinuales/.local/share/Trash/files/keycloak-11.0.1/standalone/deployments
2025-03-31 13:05:35,580 INFO  [org.jboss.as.server.deployment] (MSC service thread 1-3) WFLYSRV0027: Starting deployment of "keycloak-server.war" (runtime-name: "keycloak-server.war")
2025-03-31 13:05:35,589 INFO  [org.jboss.as.connector.subsystems.datasources] (MSC service thread 1-8) WFLYJCA0001: Bound data source [java:jboss/datasources/KeycloakDS]
2025-03-31 13:05:35,589 INFO  [org.jboss.as.connector.subsystems.datasources] (MSC service thread 1-7) WFLYJCA0001: Bound data source [java:jboss/datasources/ExampleDS]
2025-03-31 13:05:35,601 INFO  [org.wildfly.extension.undertow] (MSC service thread 1-7) WFLYUT0006: Undertow HTTPS listener https listening on 0.0.0.0:8443
2025-03-31 13:05:35,789 INFO  [org.infinispan.PERSISTENCE] (MSC service thread 1-1) ISPN000556: Starting user marshaller 'org.wildfly.clustering.infinispan.marshalling.jboss.JBossMarshaller'
2025-03-31 13:05:35,789 INFO  [org.infinispan.PERSISTENCE] (MSC service thread 1-4) ISPN000556: Starting user marshaller 'org.wildfly.clustering.infinispan.marshalling.jboss.JBossMarshaller'
2025-03-31 13:05:35,795 INFO  [org.infinispan.CONTAINER] (MSC service thread 1-4) ISPN000128: Infinispan version: Infinispan 'Turia' 10.1.8.Final
2025-03-31 13:05:35,864 INFO  [org.jboss.as.clustering.infinispan] (ServerService Thread Pool -- 56) WFLYCLINF0002: Started client-mappings cache from ejb container
2025-03-31 13:05:35,866 INFO  [org.jboss.as.clustering.infinispan] (ServerService Thread Pool -- 59) WFLYCLINF0002: Started loginFailures cache from keycloak container
2025-03-31 13:05:35,866 INFO  [org.jboss.as.clustering.infinispan] (ServerService Thread Pool -- 65) WFLYCLINF0002: Started offlineClientSessions cache from keycloak container
2025-03-31 13:05:35,866 INFO  [org.jboss.as.clustering.infinispan] (ServerService Thread Pool -- 63) WFLYCLINF0002: Started actionTokens cache from keycloak container
2025-03-31 13:05:35,866 INFO  [org.jboss.as.clustering.infinispan] (ServerService Thread Pool -- 67) WFLYCLINF0002: Started work cache from keycloak container
2025-03-31 13:05:35,866 INFO  [org.jboss.as.clustering.infinispan] (ServerService Thread Pool -- 66) WFLYCLINF0002: Started authenticationSessions cache from keycloak container
2025-03-31 13:05:35,866 INFO  [org.jboss.as.clustering.infinispan] (ServerService Thread Pool -- 61) WFLYCLINF0002: Started sessions cache from keycloak container
2025-03-31 13:05:35,866 INFO  [org.jboss.as.clustering.infinispan] (ServerService Thread Pool -- 57) WFLYCLINF0002: Started offlineSessions cache from keycloak container
2025-03-31 13:05:35,866 INFO  [org.jboss.as.clustering.infinispan] (ServerService Thread Pool -- 64) WFLYCLINF0002: Started clientSessions cache from keycloak container
2025-03-31 13:05:35,877 INFO  [org.jboss.as.clustering.infinispan] (ServerService Thread Pool -- 62) WFLYCLINF0002: Started authorization cache from keycloak container
2025-03-31 13:05:35,877 INFO  [org.jboss.as.clustering.infinispan] (ServerService Thread Pool -- 58) WFLYCLINF0002: Started realms cache from keycloak container
2025-03-31 13:05:35,877 INFO  [org.jboss.as.clustering.infinispan] (ServerService Thread Pool -- 60) WFLYCLINF0002: Started users cache from keycloak container
2025-03-31 13:05:35,877 INFO  [org.jboss.as.clustering.infinispan] (ServerService Thread Pool -- 68) WFLYCLINF0002: Started keys cache from keycloak container
2025-03-31 13:05:35,908 WARN  [org.jboss.as.server.deployment] (MSC service thread 1-3) WFLYSRV0273: Excluded subsystem webservices via jboss-deployment-structure.xml does not exist.
2025-03-31 13:05:36,095 INFO  [org.keycloak.services] (ServerService Thread Pool -- 64) KC-SERVICES0001: Loading config from standalone.xml or domain.xml
2025-03-31 13:05:36,111 INFO  [org.keycloak.url.DefaultHostnameProviderFactory] (ServerService Thread Pool -- 64) Frontend: <request>, Admin: <frontend>, Backend: <request>
2025-03-31 13:05:36,212 INFO  [org.jboss.as.clustering.infinispan] (ServerService Thread Pool -- 64) WFLYCLINF0002: Started realmRevisions cache from keycloak container
2025-03-31 13:05:36,213 INFO  [org.jboss.as.clustering.infinispan] (ServerService Thread Pool -- 64) WFLYCLINF0002: Started userRevisions cache from keycloak container
2025-03-31 13:05:36,217 INFO  [org.jboss.as.clustering.infinispan] (ServerService Thread Pool -- 64) WFLYCLINF0002: Started authorizationRevisions cache from keycloak container
2025-03-31 13:05:36,217 INFO  [org.keycloak.connections.infinispan.DefaultInfinispanConnectionProviderFactory] (ServerService Thread Pool -- 64) Node name: pablo-vinuales-optiplex-sff-plus-7020, Site name: null
2025-03-31 13:05:36,964 INFO  [org.hibernate.jpa.internal.util.LogHelper] (ServerService Thread Pool -- 64) HHH000204: Processing PersistenceUnitInfo [
	name: keycloak-default
	...]
2025-03-31 13:05:36,984 INFO  [org.hibernate.Version] (ServerService Thread Pool -- 64) HHH000412: Hibernate Core {5.3.17.Final}
2025-03-31 13:05:36,984 INFO  [org.hibernate.cfg.Environment] (ServerService Thread Pool -- 64) HHH000206: hibernate.properties not found
2025-03-31 13:05:37,025 INFO  [org.hibernate.annotations.common.Version] (ServerService Thread Pool -- 64) HCANN000001: Hibernate Commons Annotations {5.0.5.Final}
2025-03-31 13:05:37,085 INFO  [org.hibernate.dialect.Dialect] (ServerService Thread Pool -- 64) HHH000400: Using dialect: org.hibernate.dialect.H2Dialect
2025-03-31 13:05:37,087 WARN  [org.hibernate.dialect.H2Dialect] (ServerService Thread Pool -- 64) HHH000431: Unable to determine H2 database version, certain features may not work
2025-03-31 13:05:37,103 INFO  [org.hibernate.envers.boot.internal.EnversServiceImpl] (ServerService Thread Pool -- 64) Envers integration enabled? : true
2025-03-31 13:05:37,254 INFO  [org.hibernate.orm.beans] (ServerService Thread Pool -- 64) HHH10005002: No explicit CDI BeanManager reference was passed to Hibernate, but CDI is available on the Hibernate ClassLoader.
2025-03-31 13:05:37,273 INFO  [org.hibernate.validator.internal.util.Version] (ServerService Thread Pool -- 64) HV000001: Hibernate Validator 6.0.20.Final
2025-03-31 13:05:37,577 INFO  [org.hibernate.hql.internal.QueryTranslatorFactoryInitiator] (ServerService Thread Pool -- 64) HHH000397: Using ASTQueryTranslatorFactory
2025-03-31 13:05:37,809 INFO  [org.jboss.resteasy.resteasy_jaxrs.i18n] (ServerService Thread Pool -- 64) RESTEASY002225: Deploying javax.ws.rs.core.Application: class org.keycloak.services.resources.KeycloakApplication
2025-03-31 13:05:37,809 INFO  [org.jboss.resteasy.resteasy_jaxrs.i18n] (ServerService Thread Pool -- 64) RESTEASY002205: Adding provider class org.keycloak.services.error.KeycloakErrorHandler from Application class org.keycloak.services.resources.KeycloakApplication
2025-03-31 13:05:37,810 INFO  [org.jboss.resteasy.resteasy_jaxrs.i18n] (ServerService Thread Pool -- 64) RESTEASY002205: Adding provider class org.keycloak.services.filters.KeycloakSecurityHeadersFilter from Application class org.keycloak.services.resources.KeycloakApplication
2025-03-31 13:05:37,810 INFO  [org.jboss.resteasy.resteasy_jaxrs.i18n] (ServerService Thread Pool -- 64) RESTEASY002200: Adding class resource org.keycloak.services.resources.ThemeResource from Application class org.keycloak.services.resources.KeycloakApplication
2025-03-31 13:05:37,810 INFO  [org.jboss.resteasy.resteasy_jaxrs.i18n] (ServerService Thread Pool -- 64) RESTEASY002200: Adding class resource org.keycloak.services.resources.JsResource from Application class org.keycloak.services.resources.KeycloakApplication
2025-03-31 13:05:37,810 INFO  [org.jboss.resteasy.resteasy_jaxrs.i18n] (ServerService Thread Pool -- 64) RESTEASY002220: Adding singleton resource org.keycloak.services.resources.admin.AdminRoot from Application class org.keycloak.services.resources.KeycloakApplication
2025-03-31 13:05:37,811 INFO  [org.jboss.resteasy.resteasy_jaxrs.i18n] (ServerService Thread Pool -- 64) RESTEASY002220: Adding singleton resource org.keycloak.services.resources.RealmsResource from Application class org.keycloak.services.resources.KeycloakApplication
2025-03-31 13:05:37,811 INFO  [org.jboss.resteasy.resteasy_jaxrs.i18n] (ServerService Thread Pool -- 64) RESTEASY002220: Adding singleton resource org.keycloak.services.resources.RobotsResource from Application class org.keycloak.services.resources.KeycloakApplication
2025-03-31 13:05:37,811 INFO  [org.jboss.resteasy.resteasy_jaxrs.i18n] (ServerService Thread Pool -- 64) RESTEASY002210: Adding provider singleton org.keycloak.services.util.ObjectMapperResolver from Application class org.keycloak.services.resources.KeycloakApplication
2025-03-31 13:05:37,811 INFO  [org.jboss.resteasy.resteasy_jaxrs.i18n] (ServerService Thread Pool -- 64) RESTEASY002220: Adding singleton resource org.keycloak.services.resources.WelcomeResource from Application class org.keycloak.services.resources.KeycloakApplication
2025-03-31 13:05:37,843 INFO  [org.wildfly.extension.undertow] (ServerService Thread Pool -- 64) WFLYUT0021: Registered web context: '/auth' for server 'default-server'
2025-03-31 13:05:37,865 INFO  [org.jboss.as.server] (ServerService Thread Pool -- 55) WFLYSRV0010: Deployed "keycloak-server.war" (runtime-name : "keycloak-server.war")
2025-03-31 13:05:37,889 INFO  [org.jboss.as.server] (Controller Boot Thread) WFLYSRV0212: Resuming server
2025-03-31 13:05:37,895 INFO  [org.jboss.as] (Controller Boot Thread) WFLYSRV0025: Keycloak 11.0.1 (WildFly Core 12.0.3.Final) started in 3130ms - Started 588 of 886 services (601 services are lazy, passive or on-demand)
2025-03-31 13:05:37,897 INFO  [org.jboss.as] (Controller Boot Thread) WFLYSRV0060: Http management interface listening on http://127.0.0.1:9990/management
2025-03-31 13:05:37,897 INFO  [org.jboss.as] (Controller Boot Thread) WFLYSRV0051: Admin console listening on http://127.0.0.1:9990
2025-03-31 13:05:59,180 INFO  [org.jboss.as.server] (Thread-1) WFLYSRV0272: Suspending server
2025-03-31 13:05:59,182 INFO  [org.jboss.as.ejb3] (Thread-1) WFLYEJB0493: EJB subsystem suspension complete
2025-03-31 13:05:59,183 INFO  [org.jboss.as.server] (Thread-1) WFLYSRV0220: Server shutdown has been requested via an OS signal
2025-03-31 13:05:59,198 INFO  [org.jboss.as.connector.subsystems.datasources] (MSC service thread 1-3) WFLYJCA0010: Unbound data source [java:jboss/datasources/KeycloakDS]
2025-03-31 13:05:59,201 INFO  [org.jboss.as.mail.extension] (MSC service thread 1-6) WFLYMAIL0002: Unbound mail session [java:jboss/mail/Default]
2025-03-31 13:05:59,202 INFO  [org.wildfly.extension.undertow] (MSC service thread 1-2) WFLYUT0008: Undertow HTTPS listener https suspending
2025-03-31 13:05:59,203 INFO  [org.wildfly.extension.undertow] (MSC service thread 1-2) WFLYUT0007: Undertow HTTPS listener https stopped, was bound to 0.0.0.0:8443
2025-03-31 13:05:59,205 INFO  [org.wildfly.extension.undertow] (ServerService Thread Pool -- 72) WFLYUT0022: Unregistered web context: '/auth' from server 'default-server'
2025-03-31 13:05:59,212 INFO  [org.jboss.as.connector.subsystems.datasources] (MSC service thread 1-5) WFLYJCA0010: Unbound data source [java:jboss/datasources/ExampleDS]
2025-03-31 13:05:59,212 INFO  [org.jboss.as.connector.deployers.jdbc] (MSC service thread 1-5) WFLYJCA0019: Stopped Driver service with driver-name = h2
2025-03-31 13:05:59,215 INFO  [org.wildfly.extension.undertow] (MSC service thread 1-1) WFLYUT0008: Undertow HTTP listener default suspending
2025-03-31 13:05:59,216 INFO  [org.wildfly.extension.undertow] (MSC service thread 1-1) WFLYUT0007: Undertow HTTP listener default stopped, was bound to 0.0.0.0:8585
2025-03-31 13:05:59,216 INFO  [org.jboss.as.clustering.infinispan] (ServerService Thread Pool -- 72) WFLYCLINF0003: Stopped client-mappings cache from ejb container
2025-03-31 13:05:59,217 INFO  [org.wildfly.extension.undertow] (MSC service thread 1-5) WFLYUT0019: Host default-host stopping
2025-03-31 13:05:59,217 INFO  [org.infinispan.manager.DefaultCacheManager] (MSC service thread 1-1) Stopping cache manager null on null
2025-03-31 13:05:59,217 INFO  [org.wildfly.extension.undertow] (MSC service thread 1-5) WFLYUT0004: Undertow 2.1.3.Final stopping
2025-03-31 13:05:59,218 INFO  [org.jboss.as.clustering.infinispan] (ServerService Thread Pool -- 64) WFLYCLINF0003: Stopped sessions cache from keycloak container
2025-03-31 13:05:59,218 INFO  [org.jboss.as.clustering.infinispan] (ServerService Thread Pool -- 73) WFLYCLINF0003: Stopped authenticationSessions cache from keycloak container
2025-03-31 13:05:59,218 INFO  [org.jboss.as.clustering.infinispan] (ServerService Thread Pool -- 71) WFLYCLINF0003: Stopped clientSessions cache from keycloak container
2025-03-31 13:05:59,218 INFO  [org.jboss.as.clustering.infinispan] (ServerService Thread Pool -- 74) WFLYCLINF0003: Stopped loginFailures cache from keycloak container
2025-03-31 13:05:59,218 INFO  [org.jboss.as.clustering.infinispan] (ServerService Thread Pool -- 75) WFLYCLINF0003: Stopped work cache from keycloak container
2025-03-31 13:05:59,218 INFO  [org.jboss.as.clustering.infinispan] (ServerService Thread Pool -- 76) WFLYCLINF0003: Stopped offlineClientSessions cache from keycloak container
2025-03-31 13:05:59,218 INFO  [org.jboss.as.clustering.infinispan] (ServerService Thread Pool -- 77) WFLYCLINF0003: Stopped keys cache from keycloak container
2025-03-31 13:05:59,218 INFO  [org.jboss.as.clustering.infinispan] (ServerService Thread Pool -- 81) WFLYCLINF0003: Stopped offlineSessions cache from keycloak container
2025-03-31 13:05:59,218 INFO  [org.jboss.as.clustering.infinispan] (ServerService Thread Pool -- 79) WFLYCLINF0003: Stopped actionTokens cache from keycloak container
2025-03-31 13:05:59,219 INFO  [org.jboss.as.server.deployment] (MSC service thread 1-4) WFLYSRV0028: Stopped deployment keycloak-server.war (runtime-name: keycloak-server.war) in 34ms
2025-03-31 13:05:59,220 INFO  [org.jboss.as.clustering.infinispan] (ServerService Thread Pool -- 80) WFLYCLINF0003: Stopped users cache from keycloak container
2025-03-31 13:05:59,220 INFO  [org.jboss.as.clustering.infinispan] (ServerService Thread Pool -- 78) WFLYCLINF0003: Stopped authorization cache from keycloak container
2025-03-31 13:05:59,221 INFO  [org.jboss.as.clustering.infinispan] (ServerService Thread Pool -- 72) WFLYCLINF0003: Stopped realms cache from keycloak container
2025-03-31 13:05:59,221 INFO  [org.infinispan.manager.DefaultCacheManager] (MSC service thread 1-8) Stopping cache manager null on null
2025-03-31 13:05:59,224 INFO  [org.jboss.as] (MSC service thread 1-5) WFLYSRV0050: Keycloak 11.0.1 (WildFly Core 12.0.3.Final) stopped in 39ms
2025-03-31 15:17:41,825 INFO  [org.jboss.modules] (main) JBoss Modules version 1.10.1.Final
2025-03-31 15:17:42,043 INFO  [org.jboss.msc] (main) JBoss MSC version 1.4.11.Final
2025-03-31 15:17:42,048 INFO  [org.jboss.threads] (main) JBoss Threads version 2.3.3.Final
2025-03-31 15:17:42,099 INFO  [org.jboss.as] (MSC service thread 1-2) WFLYSRV0049: Keycloak 11.0.1 (WildFly Core 12.0.3.Final) starting
2025-03-31 15:17:42,100 DEBUG [org.jboss.as.config] (MSC service thread 1-2) Configured system properties:
	[Standalone] = 
	file.encoding = UTF-8
	file.separator = /
	java.awt.headless = true
	java.class.path = /home/pablo-vinuales/.local/share/Trash/files/keycloak-11.0.1/jboss-modules.jar
	java.class.version = 65.0
	java.home = /usr/lib/jvm/java-21-openjdk-amd64
	java.io.tmpdir = /tmp
	java.library.path = /usr/java/packages/lib:/usr/lib/x86_64-linux-gnu/jni:/lib/x86_64-linux-gnu:/usr/lib/x86_64-linux-gnu:/usr/lib/jni:/lib:/usr/lib
	java.net.preferIPv4Stack = true
	java.runtime.name = OpenJDK Runtime Environment
	java.runtime.version = 21.0.6+7-Ubuntu-124.10.1
	java.specification.name = Java Platform API Specification
	java.specification.vendor = Oracle Corporation
	java.specification.version = 21
	java.util.logging.manager = org.jboss.logmanager.LogManager
	java.vendor = Ubuntu
	java.vendor.url = https://ubuntu.com/
	java.vendor.url.bug = https://bugs.launchpad.net/ubuntu/+source/openjdk-21
	java.version = 21.0.6
	java.version.date = 2025-01-21
	java.vm.compressedOopsMode = 32-bit
	java.vm.info = mixed mode, sharing
	java.vm.name = OpenJDK 64-Bit Server VM
	java.vm.specification.name = Java Virtual Machine Specification
	java.vm.specification.vendor = Oracle Corporation
	java.vm.specification.version = 21
	java.vm.vendor = Ubuntu
	java.vm.version = 21.0.6+7-Ubuntu-124.10.1
	javax.management.builder.initial = org.jboss.as.jmx.PluggableMBeanServerBuilder
	jboss.bind.address = 0.0.0.0
	jboss.home.dir = /home/pablo-vinuales/.local/share/Trash/files/keycloak-11.0.1
	jboss.host.name = pablo-vinuales-optiplex-sff-plus-7020
	jboss.modules.dir = /home/pablo-vinuales/.local/share/Trash/files/keycloak-11.0.1/modules
	jboss.modules.system.pkgs = org.jboss.byteman
	jboss.node.name = pablo-vinuales-optiplex-sff-plus-7020
	jboss.qualified.host.name = pablo-vinuales-optiplex-sff-plus-7020
	jboss.server.base.dir = /home/pablo-vinuales/.local/share/Trash/files/keycloak-11.0.1/standalone
	jboss.server.config.dir = /home/pablo-vinuales/.local/share/Trash/files/keycloak-11.0.1/standalone/configuration
	jboss.server.data.dir = /home/pablo-vinuales/.local/share/Trash/files/keycloak-11.0.1/standalone/data
	jboss.server.deploy.dir = /home/pablo-vinuales/.local/share/Trash/files/keycloak-11.0.1/standalone/data/content
	jboss.server.log.dir = /home/pablo-vinuales/.local/share/Trash/files/keycloak-11.0.1/standalone/log
	jboss.server.name = pablo-vinuales-optiplex-sff-plus-7020
	jboss.server.persist.config = true
	jboss.server.temp.dir = /home/pablo-vinuales/.local/share/Trash/files/keycloak-11.0.1/standalone/tmp
	jdk.debug = release
	line.separator = 

	logging.configuration = file:/home/pablo-vinuales/.local/share/Trash/files/keycloak-11.0.1/standalone/configuration/logging.properties
	module.path = /home/pablo-vinuales/.local/share/Trash/files/keycloak-11.0.1/modules
	native.encoding = UTF-8
	org.jboss.boot.log.file = /home/pablo-vinuales/.local/share/Trash/files/keycloak-11.0.1/standalone/log/server.log
	org.jboss.resolver.warning = true
	os.arch = amd64
	os.name = Linux
	os.version = 6.11.0-19-generic
	path.separator = :
	stderr.encoding = UTF-8
	stdout.encoding = UTF-8
	sun.arch.data.model = 64
	sun.boot.library.path = /usr/lib/jvm/java-21-openjdk-amd64/lib
	sun.cpu.endian = little
	sun.io.unicode.encoding = UnicodeLittle
	sun.java.command = /home/pablo-vinuales/.local/share/Trash/files/keycloak-11.0.1/jboss-modules.jar -mp /home/pablo-vinuales/.local/share/Trash/files/keycloak-11.0.1/modules org.jboss.as.standalone -Djboss.home.dir=/home/pablo-vinuales/.local/share/Trash/files/keycloak-11.0.1 -Djboss.server.base.dir=/home/pablo-vinuales/.local/share/Trash/files/keycloak-11.0.1/standalone -b 0.0.0.0
	sun.java.launcher = SUN_STANDARD
	sun.jnu.encoding = UTF-8
	sun.management.compiler = HotSpot 64-Bit Tiered Compilers
	user.country = ES
	user.dir = /home/pablo-vinuales/.local/share/Trash/files/keycloak-11.0.1/bin
	user.home = /home/pablo-vinuales
	user.language = es
	user.name = pablo-vinuales
	user.timezone = Europe/Madrid
2025-03-31 15:17:42,102 DEBUG [org.jboss.as.config] (MSC service thread 1-2) VM Arguments: -D[Standalone] -Xms64m -Xmx512m -XX:MetaspaceSize=96M -XX:MaxMetaspaceSize=256m -Djava.net.preferIPv4Stack=true -Djboss.modules.system.pkgs=org.jboss.byteman -Djava.awt.headless=true --add-exports=java.base/sun.nio.ch=ALL-UNNAMED --add-exports=jdk.unsupported/sun.misc=ALL-UNNAMED --add-exports=jdk.unsupported/sun.reflect=ALL-UNNAMED -Dorg.jboss.boot.log.file=/home/pablo-vinuales/.local/share/Trash/files/keycloak-11.0.1/standalone/log/server.log -Dlogging.configuration=file:/home/pablo-vinuales/.local/share/Trash/files/keycloak-11.0.1/standalone/configuration/logging.properties 
2025-03-31 15:17:42,325 INFO  [org.wildfly.security] (ServerService Thread Pool -- 20) ELY00001: WildFly Elytron version 1.12.1.Final
2025-03-31 15:17:42,536 INFO  [org.jboss.as.controller.management-deprecated] (Controller Boot Thread) WFLYCTL0028: Attribute 'security-realm' in the resource at address '/core-service=management/management-interface=http-interface' is deprecated, and may be removed in a future version. See the attribute description in the output of the read-resource-description operation to learn more about the deprecation.
2025-03-31 15:17:42,547 INFO  [org.jboss.as.controller.management-deprecated] (ServerService Thread Pool -- 12) WFLYCTL0028: Attribute 'security-realm' in the resource at address '/subsystem=undertow/server=default-server/https-listener=https' is deprecated, and may be removed in a future version. See the attribute description in the output of the read-resource-description operation to learn more about the deprecation.
2025-03-31 15:17:42,580 INFO  [org.jboss.as.server] (Controller Boot Thread) WFLYSRV0039: Creating http management service using socket-binding (management-http)
2025-03-31 15:17:42,588 INFO  [org.xnio] (MSC service thread 1-4) XNIO version 3.8.1.Final
2025-03-31 15:17:42,591 INFO  [org.xnio.nio] (MSC service thread 1-4) XNIO NIO Implementation Version 3.8.1.Final
2025-03-31 15:17:42,602 WARN  [org.jboss.as.txn] (ServerService Thread Pool -- 49) WFLYTX0013: The node-identifier attribute on the /subsystem=transactions is set to the default value. This is a danger for environments running multiple servers. Please make sure the attribute value is unique.
2025-03-31 15:17:42,603 INFO  [org.jboss.as.naming] (ServerService Thread Pool -- 43) WFLYNAM0001: Activating Naming Subsystem
2025-03-31 15:17:42,604 INFO  [org.wildfly.extension.microprofile.config.smallrye._private] (ServerService Thread Pool -- 51) WFLYCONF0001: Activating WildFly MicroProfile Config Subsystem
2025-03-31 15:17:42,604 INFO  [org.wildfly.extension.io] (ServerService Thread Pool -- 36) WFLYIO001: Worker 'default' has auto-configured to 56 IO threads with 448 max task threads based on your 28 available processors
2025-03-31 15:17:42,603 INFO  [org.jboss.as.clustering.infinispan] (ServerService Thread Pool -- 37) WFLYCLINF0001: Activating Infinispan subsystem.
2025-03-31 15:17:42,606 INFO  [org.jboss.as.security] (ServerService Thread Pool -- 48) WFLYSEC0002: Activating Security Subsystem
2025-03-31 15:17:42,610 INFO  [org.jboss.as.jaxrs] (ServerService Thread Pool -- 38) WFLYRS0016: RESTEasy version 3.12.1.Final
2025-03-31 15:17:42,611 INFO  [org.jboss.as.security] (MSC service thread 1-3) WFLYSEC0001: Current PicketBox version=5.0.3.Final-redhat-00005
2025-03-31 15:17:42,611 INFO  [org.wildfly.extension.microprofile.health.smallrye] (ServerService Thread Pool -- 52) WFLYHEALTH0001: Activating Eclipse MicroProfile Health Subsystem
2025-03-31 15:17:42,612 INFO  [org.jboss.as.connector] (MSC service thread 1-2) WFLYJCA0009: Starting JCA Subsystem (WildFly/IronJacamar 1.4.22.Final)
2025-03-31 15:17:42,612 INFO  [org.wildfly.extension.microprofile.metrics.smallrye] (ServerService Thread Pool -- 53) WFLYMETRICS0001: Activating Eclipse MicroProfile Metrics Subsystem
2025-03-31 15:17:42,619 INFO  [org.wildfly.extension.undertow] (MSC service thread 1-4) WFLYUT0003: Undertow 2.1.3.Final starting
2025-03-31 15:17:42,626 INFO  [org.jboss.as.connector.subsystems.datasources] (ServerService Thread Pool -- 32) WFLYJCA0004: Deploying JDBC-compliant driver class org.h2.Driver (version 1.4)
2025-03-31 15:17:42,627 WARN  [org.wildfly.clustering.web.undertow] (ServerService Thread Pool -- 54) WFLYCLWEBUT0007: No routing provider found for default-server; using legacy provider based on static configuration
2025-03-31 15:17:42,627 INFO  [org.jboss.remoting] (MSC service thread 1-8) JBoss Remoting version 5.0.18.Final
2025-03-31 15:17:42,629 INFO  [org.jboss.as.connector.deployers.jdbc] (MSC service thread 1-3) WFLYJCA0018: Started Driver service with driver-name = h2
2025-03-31 15:17:42,629 INFO  [org.jboss.as.naming] (MSC service thread 1-1) WFLYNAM0003: Starting Naming Service
2025-03-31 15:17:42,629 INFO  [org.jboss.as.mail.extension] (MSC service thread 1-3) WFLYMAIL0001: Bound mail session [java:jboss/mail/Default]
2025-03-31 15:17:42,669 INFO  [org.wildfly.extension.undertow] (ServerService Thread Pool -- 54) WFLYUT0014: Creating file handler for path '/home/pablo-vinuales/.local/share/Trash/files/keycloak-11.0.1/welcome-content' with options [directory-listing: 'false', follow-symlink: 'false', case-sensitive: 'true', safe-symlink-paths: '[]']
2025-03-31 15:17:42,675 INFO  [org.wildfly.extension.undertow] (MSC service thread 1-7) WFLYUT0012: Started server default-server.
2025-03-31 15:17:42,676 INFO  [org.wildfly.extension.undertow] (MSC service thread 1-2) WFLYUT0018: Host default-host starting
2025-03-31 15:17:42,679 INFO  [org.jboss.as.ejb3] (MSC service thread 1-4) WFLYEJB0482: Strict pool mdb-strict-max-pool is using a max instance size of 112 (per class), which is derived from the number of CPUs on this host.
2025-03-31 15:17:42,679 INFO  [org.jboss.as.ejb3] (MSC service thread 1-5) WFLYEJB0481: Strict pool slsb-strict-max-pool is using a max instance size of 448 (per class), which is derived from thread worker pool sizing.
2025-03-31 15:17:42,717 ERROR [org.jboss.msc.service.fail] (MSC service thread 1-3) MSC000001: Failed to start service org.wildfly.undertow.listener.default: org.jboss.msc.service.StartException in service org.wildfly.undertow.listener.default: La direccin ya se est usando /0.0.0.0:8585
	at org.wildfly.extension.undertow@20.0.1.Final//org.wildfly.extension.undertow.ListenerService.start(ListenerService.java:209)
	at org.jboss.msc@1.4.11.Final//org.jboss.msc.service.ServiceControllerImpl$StartTask.startService(ServiceControllerImpl.java:1739)
	at org.jboss.msc@1.4.11.Final//org.jboss.msc.service.ServiceControllerImpl$StartTask.execute(ServiceControllerImpl.java:1701)
	at org.jboss.msc@1.4.11.Final//org.jboss.msc.service.ServiceControllerImpl$ControllerTask.run(ServiceControllerImpl.java:1559)
	at org.jboss.threads@2.3.3.Final//org.jboss.threads.ContextClassLoaderSavingRunnable.run(ContextClassLoaderSavingRunnable.java:35)
	at org.jboss.threads@2.3.3.Final//org.jboss.threads.EnhancedQueueExecutor.safeRun(EnhancedQueueExecutor.java:1982)
	at org.jboss.threads@2.3.3.Final//org.jboss.threads.EnhancedQueueExecutor$ThreadBody.doRunTask(EnhancedQueueExecutor.java:1486)
	at org.jboss.threads@2.3.3.Final//org.jboss.threads.EnhancedQueueExecutor$ThreadBody.run(EnhancedQueueExecutor.java:1377)
	at java.base/java.lang.Thread.run(Thread.java:1583)

2025-03-31 15:17:42,753 INFO  [org.jboss.as.ejb3] (MSC service thread 1-5) WFLYEJB0493: EJB subsystem suspension complete
2025-03-31 15:17:42,778 INFO  [org.jboss.as.patching] (MSC service thread 1-2) WFLYPAT0050: Keycloak cumulative patch ID is: base, one-off patches include: none
2025-03-31 15:17:42,782 INFO  [org.jboss.as.connector.subsystems.datasources] (MSC service thread 1-4) WFLYJCA0001: Bound data source [java:jboss/datasources/ExampleDS]
2025-03-31 15:17:42,782 INFO  [org.jboss.as.connector.subsystems.datasources] (MSC service thread 1-1) WFLYJCA0001: Bound data source [java:jboss/datasources/KeycloakDS]
2025-03-31 15:17:42,786 WARN  [org.jboss.as.domain.management.security] (MSC service thread 1-6) WFLYDM0111: Keystore /home/pablo-vinuales/.local/share/Trash/files/keycloak-11.0.1/standalone/configuration/application.keystore not found, it will be auto generated on first use with a self signed certificate for host localhost
2025-03-31 15:17:42,789 INFO  [org.jboss.as.server.deployment.scanner] (MSC service thread 1-7) WFLYDS0013: Started FileSystemDeploymentService for directory /home/pablo-vinuales/.local/share/Trash/files/keycloak-11.0.1/standalone/deployments
2025-03-31 15:17:42,792 INFO  [org.jboss.as.server.deployment] (MSC service thread 1-4) WFLYSRV0027: Starting deployment of "keycloak-server.war" (runtime-name: "keycloak-server.war")
2025-03-31 15:17:42,831 INFO  [org.wildfly.extension.undertow] (MSC service thread 1-5) WFLYUT0006: Undertow HTTPS listener https listening on 0.0.0.0:8443
2025-03-31 15:17:43,127 INFO  [org.infinispan.PERSISTENCE] (MSC service thread 1-4) ISPN000556: Starting user marshaller 'org.wildfly.clustering.infinispan.marshalling.jboss.JBossMarshaller'
2025-03-31 15:17:43,127 INFO  [org.infinispan.PERSISTENCE] (MSC service thread 1-8) ISPN000556: Starting user marshaller 'org.wildfly.clustering.infinispan.marshalling.jboss.JBossMarshaller'
2025-03-31 15:17:43,135 INFO  [org.infinispan.CONTAINER] (MSC service thread 1-4) ISPN000128: Infinispan version: Infinispan 'Turia' 10.1.8.Final
2025-03-31 15:17:43,202 INFO  [org.jboss.as.clustering.infinispan] (ServerService Thread Pool -- 56) WFLYCLINF0002: Started client-mappings cache from ejb container
2025-03-31 15:17:43,211 INFO  [org.jboss.as.clustering.infinispan] (ServerService Thread Pool -- 67) WFLYCLINF0002: Started authenticationSessions cache from keycloak container
2025-03-31 15:17:43,211 INFO  [org.jboss.as.clustering.infinispan] (ServerService Thread Pool -- 65) WFLYCLINF0002: Started offlineSessions cache from keycloak container
2025-03-31 15:17:43,211 INFO  [org.jboss.as.clustering.infinispan] (ServerService Thread Pool -- 56) WFLYCLINF0002: Started clientSessions cache from keycloak container
2025-03-31 15:17:43,211 INFO  [org.jboss.as.clustering.infinispan] (ServerService Thread Pool -- 57) WFLYCLINF0002: Started offlineClientSessions cache from keycloak container
2025-03-31 15:17:43,211 INFO  [org.jboss.as.clustering.infinispan] (ServerService Thread Pool -- 60) WFLYCLINF0002: Started sessions cache from keycloak container
2025-03-31 15:17:43,211 INFO  [org.jboss.as.clustering.infinispan] (ServerService Thread Pool -- 61) WFLYCLINF0002: Started work cache from keycloak container
2025-03-31 15:17:43,211 INFO  [org.jboss.as.clustering.infinispan] (ServerService Thread Pool -- 58) WFLYCLINF0002: Started loginFailures cache from keycloak container
2025-03-31 15:17:43,211 INFO  [org.jboss.as.clustering.infinispan] (ServerService Thread Pool -- 63) WFLYCLINF0002: Started actionTokens cache from keycloak container
2025-03-31 15:17:43,223 INFO  [org.jboss.as.clustering.infinispan] (ServerService Thread Pool -- 59) WFLYCLINF0002: Started authorization cache from keycloak container
2025-03-31 15:17:43,223 INFO  [org.jboss.as.clustering.infinispan] (ServerService Thread Pool -- 64) WFLYCLINF0002: Started keys cache from keycloak container
2025-03-31 15:17:43,223 INFO  [org.jboss.as.clustering.infinispan] (ServerService Thread Pool -- 66) WFLYCLINF0002: Started realms cache from keycloak container
2025-03-31 15:17:43,223 INFO  [org.jboss.as.clustering.infinispan] (ServerService Thread Pool -- 62) WFLYCLINF0002: Started users cache from keycloak container
2025-03-31 15:17:43,263 WARN  [org.jboss.as.server.deployment] (MSC service thread 1-8) WFLYSRV0273: Excluded subsystem webservices via jboss-deployment-structure.xml does not exist.
2025-03-31 15:17:43,337 ERROR [org.jboss.as.controller.management-operation] (Controller Boot Thread) WFLYCTL0013: Operation ("add") failed - address: ([
    ("subsystem" => "undertow"),
    ("server" => "default-server"),
    ("http-listener" => "default")
]) - failure description: {"WFLYCTL0080: Failed services" => {"org.wildfly.undertow.listener.default" => "La direccin ya se est usando /0.0.0.0:8585"}}
2025-03-31 15:17:43,337 ERROR [org.jboss.as.controller.management-operation] (Controller Boot Thread) WFLYCTL0013: Operation ("add") failed - address: ([
    ("subsystem" => "ejb3"),
    ("service" => "remote")
]) - failure description: {
    "WFLYCTL0412: Required services that are not installed:" => ["jboss.remoting.remotingConnectorInfoService.http-remoting-connector"],
    "WFLYCTL0180: Services with missing/unavailable dependencies" => ["org.wildfly.clustering.cache.registry-entry.ejb.client-mappings is missing [jboss.remoting.remotingConnectorInfoService.http-remoting-connector]"]
}
2025-03-31 15:17:43,340 INFO  [org.jboss.as.server] (ServerService Thread Pool -- 55) WFLYSRV0010: Deployed "keycloak-server.war" (runtime-name : "keycloak-server.war")
2025-03-31 15:17:43,341 INFO  [org.jboss.as.controller] (Controller Boot Thread) WFLYCTL0183: Service status report
WFLYCTL0184:    New missing/unsatisfied dependencies:
      service jboss.remoting.remotingConnectorInfoService.http-remoting-connector (missing) dependents: [service org.wildfly.clustering.cache.registry-entry.ejb.client-mappings] 
WFLYCTL0186:   Services which failed to start:      service org.wildfly.undertow.listener.default: La direccin ya se est usando /0.0.0.0:8585
WFLYCTL0448: 12 additional services are down due to their dependencies being missing or failed
2025-03-31 15:17:43,361 INFO  [org.jboss.as.server] (Controller Boot Thread) WFLYSRV0212: Resuming server
2025-03-31 15:17:43,362 ERROR [org.jboss.as] (Controller Boot Thread) WFLYSRV0026: Keycloak 11.0.1 (WildFly Core 12.0.3.Final) started (with errors) in 1701ms - Started 566 of 884 services (14 services failed or missing dependencies, 601 services are lazy, passive or on-demand)
2025-03-31 15:17:43,363 INFO  [org.jboss.as] (Controller Boot Thread) WFLYSRV0060: Http management interface listening on http://127.0.0.1:9990/management
2025-03-31 15:17:43,363 INFO  [org.jboss.as] (Controller Boot Thread) WFLYSRV0051: Admin console listening on http://127.0.0.1:9990
2025-03-31 15:18:06,469 INFO  [org.jboss.as.server] (Thread-1) WFLYSRV0272: Suspending server
2025-03-31 15:18:06,470 INFO  [org.jboss.as.ejb3] (Thread-1) WFLYEJB0493: EJB subsystem suspension complete
2025-03-31 15:18:06,471 INFO  [org.jboss.as.server] (Thread-1) WFLYSRV0220: Server shutdown has been requested via an OS signal
2025-03-31 15:18:06,475 INFO  [org.jboss.as.connector.subsystems.datasources] (MSC service thread 1-2) WFLYJCA0010: Unbound data source [java:jboss/datasources/KeycloakDS]
2025-03-31 15:18:06,476 INFO  [org.jboss.as.mail.extension] (MSC service thread 1-5) WFLYMAIL0002: Unbound mail session [java:jboss/mail/Default]
2025-03-31 15:18:06,476 INFO  [org.wildfly.extension.undertow] (MSC service thread 1-4) WFLYUT0008: Undertow HTTPS listener https suspending
2025-03-31 15:18:06,476 INFO  [org.wildfly.extension.undertow] (MSC service thread 1-2) WFLYUT0019: Host default-host stopping
2025-03-31 15:18:06,477 INFO  [org.wildfly.extension.undertow] (MSC service thread 1-4) WFLYUT0007: Undertow HTTPS listener https stopped, was bound to 0.0.0.0:8443
2025-03-31 15:18:06,477 INFO  [org.jboss.as.connector.subsystems.datasources] (MSC service thread 1-2) WFLYJCA0010: Unbound data source [java:jboss/datasources/ExampleDS]
2025-03-31 15:18:06,478 INFO  [org.wildfly.extension.undertow] (MSC service thread 1-7) WFLYUT0004: Undertow 2.1.3.Final stopping
2025-03-31 15:18:06,478 INFO  [org.jboss.as.connector.deployers.jdbc] (MSC service thread 1-8) WFLYJCA0019: Stopped Driver service with driver-name = h2
2025-03-31 15:18:06,479 INFO  [org.jboss.as.clustering.infinispan] (ServerService Thread Pool -- 62) WFLYCLINF0003: Stopped client-mappings cache from ejb container
2025-03-31 15:18:06,480 INFO  [org.infinispan.manager.DefaultCacheManager] (MSC service thread 1-5) Stopping cache manager null on null
2025-03-31 15:18:06,484 INFO  [org.jboss.as.clustering.infinispan] (ServerService Thread Pool -- 62) WFLYCLINF0003: Stopped work cache from keycloak container
2025-03-31 15:18:06,484 INFO  [org.jboss.as.clustering.infinispan] (ServerService Thread Pool -- 70) WFLYCLINF0003: Stopped actionTokens cache from keycloak container
2025-03-31 15:18:06,484 INFO  [org.jboss.as.clustering.infinispan] (ServerService Thread Pool -- 72) WFLYCLINF0003: Stopped offlineClientSessions cache from keycloak container
2025-03-31 15:18:06,484 INFO  [org.jboss.as.clustering.infinispan] (ServerService Thread Pool -- 75) WFLYCLINF0003: Stopped offlineSessions cache from keycloak container
2025-03-31 15:18:06,484 INFO  [org.jboss.as.clustering.infinispan] (ServerService Thread Pool -- 71) WFLYCLINF0003: Stopped sessions cache from keycloak container
2025-03-31 15:18:06,484 INFO  [org.jboss.as.clustering.infinispan] (ServerService Thread Pool -- 77) WFLYCLINF0003: Stopped authenticationSessions cache from keycloak container
2025-03-31 15:18:06,484 INFO  [org.jboss.as.clustering.infinispan] (ServerService Thread Pool -- 78) WFLYCLINF0003: Stopped loginFailures cache from keycloak container
2025-03-31 15:18:06,485 INFO  [org.jboss.as.clustering.infinispan] (ServerService Thread Pool -- 80) WFLYCLINF0003: Stopped clientSessions cache from keycloak container
2025-03-31 15:18:06,485 INFO  [org.jboss.as.clustering.infinispan] (ServerService Thread Pool -- 76) WFLYCLINF0003: Stopped realms cache from keycloak container
2025-03-31 15:18:06,485 INFO  [org.jboss.as.clustering.infinispan] (ServerService Thread Pool -- 81) WFLYCLINF0003: Stopped users cache from keycloak container
2025-03-31 15:18:06,485 INFO  [org.jboss.as.clustering.infinispan] (ServerService Thread Pool -- 73) WFLYCLINF0003: Stopped authorization cache from keycloak container
2025-03-31 15:18:06,485 INFO  [org.jboss.as.clustering.infinispan] (ServerService Thread Pool -- 74) WFLYCLINF0003: Stopped keys cache from keycloak container
2025-03-31 15:18:06,485 INFO  [org.infinispan.manager.DefaultCacheManager] (MSC service thread 1-8) Stopping cache manager null on null
2025-03-31 15:18:06,486 INFO  [org.jboss.as.server.deployment] (MSC service thread 1-5) WFLYSRV0028: Stopped deployment keycloak-server.war (runtime-name: keycloak-server.war) in 13ms
2025-03-31 15:18:06,489 INFO  [org.jboss.as] (MSC service thread 1-4) WFLYSRV0050: Keycloak 11.0.1 (WildFly Core 12.0.3.Final) stopped in 16ms
2025-03-31 15:18:10,089 INFO  [org.jboss.modules] (main) JBoss Modules version 1.10.1.Final
2025-03-31 15:18:10,296 INFO  [org.jboss.msc] (main) JBoss MSC version 1.4.11.Final
2025-03-31 15:18:10,300 INFO  [org.jboss.threads] (main) JBoss Threads version 2.3.3.Final
2025-03-31 15:18:10,354 INFO  [org.jboss.as] (MSC service thread 1-2) WFLYSRV0049: Keycloak 11.0.1 (WildFly Core 12.0.3.Final) starting
2025-03-31 15:18:10,355 DEBUG [org.jboss.as.config] (MSC service thread 1-2) Configured system properties:
	[Standalone] = 
	file.encoding = UTF-8
	file.separator = /
	java.awt.headless = true
	java.class.path = /home/pablo-vinuales/.local/share/Trash/files/keycloak-11.0.1/jboss-modules.jar
	java.class.version = 65.0
	java.home = /usr/lib/jvm/java-21-openjdk-amd64
	java.io.tmpdir = /tmp
	java.library.path = /usr/java/packages/lib:/usr/lib/x86_64-linux-gnu/jni:/lib/x86_64-linux-gnu:/usr/lib/x86_64-linux-gnu:/usr/lib/jni:/lib:/usr/lib
	java.net.preferIPv4Stack = true
	java.runtime.name = OpenJDK Runtime Environment
	java.runtime.version = 21.0.6+7-Ubuntu-124.10.1
	java.specification.name = Java Platform API Specification
	java.specification.vendor = Oracle Corporation
	java.specification.version = 21
	java.util.logging.manager = org.jboss.logmanager.LogManager
	java.vendor = Ubuntu
	java.vendor.url = https://ubuntu.com/
	java.vendor.url.bug = https://bugs.launchpad.net/ubuntu/+source/openjdk-21
	java.version = 21.0.6
	java.version.date = 2025-01-21
	java.vm.compressedOopsMode = 32-bit
	java.vm.info = mixed mode, sharing
	java.vm.name = OpenJDK 64-Bit Server VM
	java.vm.specification.name = Java Virtual Machine Specification
	java.vm.specification.vendor = Oracle Corporation
	java.vm.specification.version = 21
	java.vm.vendor = Ubuntu
	java.vm.version = 21.0.6+7-Ubuntu-124.10.1
	javax.management.builder.initial = org.jboss.as.jmx.PluggableMBeanServerBuilder
	jboss.bind.address = 0.0.0.0
	jboss.home.dir = /home/pablo-vinuales/.local/share/Trash/files/keycloak-11.0.1
	jboss.host.name = pablo-vinuales-optiplex-sff-plus-7020
	jboss.modules.dir = /home/pablo-vinuales/.local/share/Trash/files/keycloak-11.0.1/modules
	jboss.modules.system.pkgs = org.jboss.byteman
	jboss.node.name = pablo-vinuales-optiplex-sff-plus-7020
	jboss.qualified.host.name = pablo-vinuales-optiplex-sff-plus-7020
	jboss.server.base.dir = /home/pablo-vinuales/.local/share/Trash/files/keycloak-11.0.1/standalone
	jboss.server.config.dir = /home/pablo-vinuales/.local/share/Trash/files/keycloak-11.0.1/standalone/configuration
	jboss.server.data.dir = /home/pablo-vinuales/.local/share/Trash/files/keycloak-11.0.1/standalone/data
	jboss.server.deploy.dir = /home/pablo-vinuales/.local/share/Trash/files/keycloak-11.0.1/standalone/data/content
	jboss.server.log.dir = /home/pablo-vinuales/.local/share/Trash/files/keycloak-11.0.1/standalone/log
	jboss.server.name = pablo-vinuales-optiplex-sff-plus-7020
	jboss.server.persist.config = true
	jboss.server.temp.dir = /home/pablo-vinuales/.local/share/Trash/files/keycloak-11.0.1/standalone/tmp
	jdk.debug = release
	line.separator = 

	logging.configuration = file:/home/pablo-vinuales/.local/share/Trash/files/keycloak-11.0.1/standalone/configuration/logging.properties
	module.path = /home/pablo-vinuales/.local/share/Trash/files/keycloak-11.0.1/modules
	native.encoding = UTF-8
	org.jboss.boot.log.file = /home/pablo-vinuales/.local/share/Trash/files/keycloak-11.0.1/standalone/log/server.log
	org.jboss.resolver.warning = true
	os.arch = amd64
	os.name = Linux
	os.version = 6.11.0-19-generic
	path.separator = :
	stderr.encoding = UTF-8
	stdout.encoding = UTF-8
	sun.arch.data.model = 64
	sun.boot.library.path = /usr/lib/jvm/java-21-openjdk-amd64/lib
	sun.cpu.endian = little
	sun.io.unicode.encoding = UnicodeLittle
	sun.java.command = /home/pablo-vinuales/.local/share/Trash/files/keycloak-11.0.1/jboss-modules.jar -mp /home/pablo-vinuales/.local/share/Trash/files/keycloak-11.0.1/modules org.jboss.as.standalone -Djboss.home.dir=/home/pablo-vinuales/.local/share/Trash/files/keycloak-11.0.1 -Djboss.server.base.dir=/home/pablo-vinuales/.local/share/Trash/files/keycloak-11.0.1/standalone -b 0.0.0.0
	sun.java.launcher = SUN_STANDARD
	sun.jnu.encoding = UTF-8
	sun.management.compiler = HotSpot 64-Bit Tiered Compilers
	user.country = ES
	user.dir = /home/pablo-vinuales/.local/share/Trash/files/keycloak-11.0.1/bin
	user.home = /home/pablo-vinuales
	user.language = es
	user.name = pablo-vinuales
	user.timezone = Europe/Madrid
2025-03-31 15:18:10,356 DEBUG [org.jboss.as.config] (MSC service thread 1-2) VM Arguments: -D[Standalone] -Xms64m -Xmx512m -XX:MetaspaceSize=96M -XX:MaxMetaspaceSize=256m -Djava.net.preferIPv4Stack=true -Djboss.modules.system.pkgs=org.jboss.byteman -Djava.awt.headless=true --add-exports=java.base/sun.nio.ch=ALL-UNNAMED --add-exports=jdk.unsupported/sun.misc=ALL-UNNAMED --add-exports=jdk.unsupported/sun.reflect=ALL-UNNAMED -Dorg.jboss.boot.log.file=/home/pablo-vinuales/.local/share/Trash/files/keycloak-11.0.1/standalone/log/server.log -Dlogging.configuration=file:/home/pablo-vinuales/.local/share/Trash/files/keycloak-11.0.1/standalone/configuration/logging.properties 
2025-03-31 15:18:10,603 INFO  [org.wildfly.security] (ServerService Thread Pool -- 20) ELY00001: WildFly Elytron version 1.12.1.Final
2025-03-31 15:18:10,809 INFO  [org.jboss.as.controller.management-deprecated] (Controller Boot Thread) WFLYCTL0028: Attribute 'security-realm' in the resource at address '/core-service=management/management-interface=http-interface' is deprecated, and may be removed in a future version. See the attribute description in the output of the read-resource-description operation to learn more about the deprecation.
2025-03-31 15:18:10,818 INFO  [org.jboss.as.controller.management-deprecated] (ServerService Thread Pool -- 12) WFLYCTL0028: Attribute 'security-realm' in the resource at address '/subsystem=undertow/server=default-server/https-listener=https' is deprecated, and may be removed in a future version. See the attribute description in the output of the read-resource-description operation to learn more about the deprecation.
2025-03-31 15:18:10,858 INFO  [org.jboss.as.server] (Controller Boot Thread) WFLYSRV0039: Creating http management service using socket-binding (management-http)
2025-03-31 15:18:10,867 INFO  [org.xnio] (MSC service thread 1-4) XNIO version 3.8.1.Final
2025-03-31 15:18:10,872 INFO  [org.xnio.nio] (MSC service thread 1-4) XNIO NIO Implementation Version 3.8.1.Final
2025-03-31 15:18:10,885 WARN  [org.jboss.as.txn] (ServerService Thread Pool -- 49) WFLYTX0013: The node-identifier attribute on the /subsystem=transactions is set to the default value. This is a danger for environments running multiple servers. Please make sure the attribute value is unique.
2025-03-31 15:18:10,886 INFO  [org.jboss.as.clustering.infinispan] (ServerService Thread Pool -- 37) WFLYCLINF0001: Activating Infinispan subsystem.
2025-03-31 15:18:10,887 INFO  [org.wildfly.extension.io] (ServerService Thread Pool -- 36) WFLYIO001: Worker 'default' has auto-configured to 56 IO threads with 448 max task threads based on your 28 available processors
2025-03-31 15:18:10,887 INFO  [org.jboss.as.security] (ServerService Thread Pool -- 48) WFLYSEC0002: Activating Security Subsystem
2025-03-31 15:18:10,888 INFO  [org.jboss.as.naming] (ServerService Thread Pool -- 43) WFLYNAM0001: Activating Naming Subsystem
2025-03-31 15:18:10,889 INFO  [org.wildfly.extension.microprofile.config.smallrye._private] (ServerService Thread Pool -- 51) WFLYCONF0001: Activating WildFly MicroProfile Config Subsystem
2025-03-31 15:18:10,891 INFO  [org.jboss.as.security] (MSC service thread 1-6) WFLYSEC0001: Current PicketBox version=5.0.3.Final-redhat-00005
2025-03-31 15:18:10,893 INFO  [org.jboss.as.connector] (MSC service thread 1-2) WFLYJCA0009: Starting JCA Subsystem (WildFly/IronJacamar 1.4.22.Final)
2025-03-31 15:18:10,894 INFO  [org.jboss.as.jaxrs] (ServerService Thread Pool -- 38) WFLYRS0016: RESTEasy version 3.12.1.Final
2025-03-31 15:18:10,902 INFO  [org.wildfly.extension.microprofile.health.smallrye] (ServerService Thread Pool -- 52) WFLYHEALTH0001: Activating Eclipse MicroProfile Health Subsystem
2025-03-31 15:18:10,903 INFO  [org.wildfly.extension.microprofile.metrics.smallrye] (ServerService Thread Pool -- 53) WFLYMETRICS0001: Activating Eclipse MicroProfile Metrics Subsystem
2025-03-31 15:18:10,904 INFO  [org.jboss.as.naming] (MSC service thread 1-6) WFLYNAM0003: Starting Naming Service
2025-03-31 15:18:10,905 INFO  [org.jboss.as.mail.extension] (MSC service thread 1-1) WFLYMAIL0001: Bound mail session [java:jboss/mail/Default]
2025-03-31 15:18:10,912 INFO  [org.jboss.as.connector.subsystems.datasources] (ServerService Thread Pool -- 32) WFLYJCA0004: Deploying JDBC-compliant driver class org.h2.Driver (version 1.4)
2025-03-31 15:18:10,914 INFO  [org.jboss.remoting] (MSC service thread 1-5) JBoss Remoting version 5.0.18.Final
2025-03-31 15:18:10,914 INFO  [org.jboss.as.connector.deployers.jdbc] (MSC service thread 1-3) WFLYJCA0018: Started Driver service with driver-name = h2
2025-03-31 15:18:10,918 INFO  [org.wildfly.extension.undertow] (MSC service thread 1-6) WFLYUT0003: Undertow 2.1.3.Final starting
2025-03-31 15:18:10,928 WARN  [org.wildfly.clustering.web.undertow] (ServerService Thread Pool -- 54) WFLYCLWEBUT0007: No routing provider found for default-server; using legacy provider based on static configuration
2025-03-31 15:18:10,964 INFO  [org.wildfly.extension.undertow] (ServerService Thread Pool -- 54) WFLYUT0014: Creating file handler for path '/home/pablo-vinuales/.local/share/Trash/files/keycloak-11.0.1/welcome-content' with options [directory-listing: 'false', follow-symlink: 'false', case-sensitive: 'true', safe-symlink-paths: '[]']
2025-03-31 15:18:10,967 INFO  [org.wildfly.extension.undertow] (MSC service thread 1-1) WFLYUT0012: Started server default-server.
2025-03-31 15:18:10,968 INFO  [org.wildfly.extension.undertow] (MSC service thread 1-7) WFLYUT0018: Host default-host starting
2025-03-31 15:18:10,970 INFO  [org.jboss.as.ejb3] (MSC service thread 1-4) WFLYEJB0482: Strict pool mdb-strict-max-pool is using a max instance size of 112 (per class), which is derived from the number of CPUs on this host.
2025-03-31 15:18:10,970 INFO  [org.jboss.as.ejb3] (MSC service thread 1-8) WFLYEJB0481: Strict pool slsb-strict-max-pool is using a max instance size of 448 (per class), which is derived from thread worker pool sizing.
2025-03-31 15:18:11,006 INFO  [org.wildfly.extension.undertow] (MSC service thread 1-1) WFLYUT0006: Undertow HTTP listener default listening on 0.0.0.0:8585
2025-03-31 15:18:11,035 INFO  [org.jboss.as.ejb3] (MSC service thread 1-1) WFLYEJB0493: EJB subsystem suspension complete
2025-03-31 15:18:11,060 INFO  [org.jboss.as.connector.subsystems.datasources] (MSC service thread 1-2) WFLYJCA0001: Bound data source [java:jboss/datasources/ExampleDS]
2025-03-31 15:18:11,060 INFO  [org.jboss.as.connector.subsystems.datasources] (MSC service thread 1-5) WFLYJCA0001: Bound data source [java:jboss/datasources/KeycloakDS]
2025-03-31 15:18:11,063 INFO  [org.jboss.as.patching] (MSC service thread 1-6) WFLYPAT0050: Keycloak cumulative patch ID is: base, one-off patches include: none
2025-03-31 15:18:11,069 WARN  [org.jboss.as.domain.management.security] (MSC service thread 1-8) WFLYDM0111: Keystore /home/pablo-vinuales/.local/share/Trash/files/keycloak-11.0.1/standalone/configuration/application.keystore not found, it will be auto generated on first use with a self signed certificate for host localhost
2025-03-31 15:18:11,071 INFO  [org.jboss.as.server.deployment.scanner] (MSC service thread 1-6) WFLYDS0013: Started FileSystemDeploymentService for directory /home/pablo-vinuales/.local/share/Trash/files/keycloak-11.0.1/standalone/deployments
2025-03-31 15:18:11,075 INFO  [org.jboss.as.server.deployment] (MSC service thread 1-1) WFLYSRV0027: Starting deployment of "keycloak-server.war" (runtime-name: "keycloak-server.war")
2025-03-31 15:18:11,105 INFO  [org.wildfly.extension.undertow] (MSC service thread 1-3) WFLYUT0006: Undertow HTTPS listener https listening on 0.0.0.0:8443
2025-03-31 15:18:11,348 INFO  [org.infinispan.PERSISTENCE] (MSC service thread 1-4) ISPN000556: Starting user marshaller 'org.wildfly.clustering.infinispan.marshalling.jboss.JBossMarshaller'
2025-03-31 15:18:11,348 INFO  [org.infinispan.PERSISTENCE] (MSC service thread 1-7) ISPN000556: Starting user marshaller 'org.wildfly.clustering.infinispan.marshalling.jboss.JBossMarshaller'
2025-03-31 15:18:11,357 INFO  [org.infinispan.CONTAINER] (MSC service thread 1-4) ISPN000128: Infinispan version: Infinispan 'Turia' 10.1.8.Final
2025-03-31 15:18:11,435 INFO  [org.jboss.as.clustering.infinispan] (ServerService Thread Pool -- 56) WFLYCLINF0002: Started client-mappings cache from ejb container
2025-03-31 15:18:11,441 INFO  [org.jboss.as.clustering.infinispan] (ServerService Thread Pool -- 64) WFLYCLINF0002: Started authenticationSessions cache from keycloak container
2025-03-31 15:18:11,441 INFO  [org.jboss.as.clustering.infinispan] (ServerService Thread Pool -- 66) WFLYCLINF0002: Started actionTokens cache from keycloak container
2025-03-31 15:18:11,441 INFO  [org.jboss.as.clustering.infinispan] (ServerService Thread Pool -- 67) WFLYCLINF0002: Started sessions cache from keycloak container
2025-03-31 15:18:11,441 INFO  [org.jboss.as.clustering.infinispan] (ServerService Thread Pool -- 60) WFLYCLINF0002: Started work cache from keycloak container
2025-03-31 15:18:11,441 INFO  [org.jboss.as.clustering.infinispan] (ServerService Thread Pool -- 58) WFLYCLINF0002: Started loginFailures cache from keycloak container
2025-03-31 15:18:11,441 INFO  [org.jboss.as.clustering.infinispan] (ServerService Thread Pool -- 68) WFLYCLINF0002: Started clientSessions cache from keycloak container
2025-03-31 15:18:11,441 INFO  [org.jboss.as.clustering.infinispan] (ServerService Thread Pool -- 61) WFLYCLINF0002: Started offlineSessions cache from keycloak container
2025-03-31 15:18:11,441 INFO  [org.jboss.as.clustering.infinispan] (ServerService Thread Pool -- 59) WFLYCLINF0002: Started offlineClientSessions cache from keycloak container
2025-03-31 15:18:11,457 INFO  [org.jboss.as.clustering.infinispan] (ServerService Thread Pool -- 57) WFLYCLINF0002: Started users cache from keycloak container
2025-03-31 15:18:11,457 INFO  [org.jboss.as.clustering.infinispan] (ServerService Thread Pool -- 63) WFLYCLINF0002: Started authorization cache from keycloak container
2025-03-31 15:18:11,457 INFO  [org.jboss.as.clustering.infinispan] (ServerService Thread Pool -- 65) WFLYCLINF0002: Started realms cache from keycloak container
2025-03-31 15:18:11,457 INFO  [org.jboss.as.clustering.infinispan] (ServerService Thread Pool -- 62) WFLYCLINF0002: Started keys cache from keycloak container
2025-03-31 15:18:11,502 WARN  [org.jboss.as.server.deployment] (MSC service thread 1-7) WFLYSRV0273: Excluded subsystem webservices via jboss-deployment-structure.xml does not exist.
2025-03-31 15:18:11,734 INFO  [org.keycloak.services] (ServerService Thread Pool -- 65) KC-SERVICES0001: Loading config from standalone.xml or domain.xml
2025-03-31 15:18:11,816 INFO  [org.keycloak.url.DefaultHostnameProviderFactory] (ServerService Thread Pool -- 65) Frontend: <request>, Admin: <frontend>, Backend: <request>
2025-03-31 15:18:11,899 INFO  [org.jboss.as.clustering.infinispan] (ServerService Thread Pool -- 65) WFLYCLINF0002: Started realmRevisions cache from keycloak container
2025-03-31 15:18:11,900 INFO  [org.jboss.as.clustering.infinispan] (ServerService Thread Pool -- 65) WFLYCLINF0002: Started userRevisions cache from keycloak container
2025-03-31 15:18:11,902 INFO  [org.jboss.as.clustering.infinispan] (ServerService Thread Pool -- 65) WFLYCLINF0002: Started authorizationRevisions cache from keycloak container
2025-03-31 15:18:11,902 INFO  [org.keycloak.connections.infinispan.DefaultInfinispanConnectionProviderFactory] (ServerService Thread Pool -- 65) Node name: pablo-vinuales-optiplex-sff-plus-7020, Site name: null
2025-03-31 15:18:12,904 INFO  [org.hibernate.jpa.internal.util.LogHelper] (ServerService Thread Pool -- 65) HHH000204: Processing PersistenceUnitInfo [
	name: keycloak-default
	...]
2025-03-31 15:18:12,931 INFO  [org.hibernate.Version] (ServerService Thread Pool -- 65) HHH000412: Hibernate Core {5.3.17.Final}
2025-03-31 15:18:12,932 INFO  [org.hibernate.cfg.Environment] (ServerService Thread Pool -- 65) HHH000206: hibernate.properties not found
2025-03-31 15:18:12,991 INFO  [org.hibernate.annotations.common.Version] (ServerService Thread Pool -- 65) HCANN000001: Hibernate Commons Annotations {5.0.5.Final}
2025-03-31 15:18:13,084 INFO  [org.hibernate.dialect.Dialect] (ServerService Thread Pool -- 65) HHH000400: Using dialect: org.hibernate.dialect.H2Dialect
2025-03-31 15:18:13,088 WARN  [org.hibernate.dialect.H2Dialect] (ServerService Thread Pool -- 65) HHH000431: Unable to determine H2 database version, certain features may not work
2025-03-31 15:18:13,121 INFO  [org.hibernate.envers.boot.internal.EnversServiceImpl] (ServerService Thread Pool -- 65) Envers integration enabled? : true
2025-03-31 15:18:13,329 INFO  [org.hibernate.orm.beans] (ServerService Thread Pool -- 65) HHH10005002: No explicit CDI BeanManager reference was passed to Hibernate, but CDI is available on the Hibernate ClassLoader.
2025-03-31 15:18:13,354 INFO  [org.hibernate.validator.internal.util.Version] (ServerService Thread Pool -- 65) HV000001: Hibernate Validator 6.0.20.Final
2025-03-31 15:18:13,836 INFO  [org.hibernate.hql.internal.QueryTranslatorFactoryInitiator] (ServerService Thread Pool -- 65) HHH000397: Using ASTQueryTranslatorFactory
2025-03-31 15:18:14,177 INFO  [org.jboss.resteasy.resteasy_jaxrs.i18n] (ServerService Thread Pool -- 65) RESTEASY002225: Deploying javax.ws.rs.core.Application: class org.keycloak.services.resources.KeycloakApplication
2025-03-31 15:18:14,178 INFO  [org.jboss.resteasy.resteasy_jaxrs.i18n] (ServerService Thread Pool -- 65) RESTEASY002200: Adding class resource org.keycloak.services.resources.ThemeResource from Application class org.keycloak.services.resources.KeycloakApplication
2025-03-31 15:18:14,178 INFO  [org.jboss.resteasy.resteasy_jaxrs.i18n] (ServerService Thread Pool -- 65) RESTEASY002205: Adding provider class org.keycloak.services.error.KeycloakErrorHandler from Application class org.keycloak.services.resources.KeycloakApplication
2025-03-31 15:18:14,179 INFO  [org.jboss.resteasy.resteasy_jaxrs.i18n] (ServerService Thread Pool -- 65) RESTEASY002205: Adding provider class org.keycloak.services.filters.KeycloakSecurityHeadersFilter from Application class org.keycloak.services.resources.KeycloakApplication
2025-03-31 15:18:14,179 INFO  [org.jboss.resteasy.resteasy_jaxrs.i18n] (ServerService Thread Pool -- 65) RESTEASY002200: Adding class resource org.keycloak.services.resources.JsResource from Application class org.keycloak.services.resources.KeycloakApplication
2025-03-31 15:18:14,179 INFO  [org.jboss.resteasy.resteasy_jaxrs.i18n] (ServerService Thread Pool -- 65) RESTEASY002220: Adding singleton resource org.keycloak.services.resources.WelcomeResource from Application class org.keycloak.services.resources.KeycloakApplication
2025-03-31 15:18:14,179 INFO  [org.jboss.resteasy.resteasy_jaxrs.i18n] (ServerService Thread Pool -- 65) RESTEASY002220: Adding singleton resource org.keycloak.services.resources.RealmsResource from Application class org.keycloak.services.resources.KeycloakApplication
2025-03-31 15:18:14,179 INFO  [org.jboss.resteasy.resteasy_jaxrs.i18n] (ServerService Thread Pool -- 65) RESTEASY002220: Adding singleton resource org.keycloak.services.resources.admin.AdminRoot from Application class org.keycloak.services.resources.KeycloakApplication
2025-03-31 15:18:14,179 INFO  [org.jboss.resteasy.resteasy_jaxrs.i18n] (ServerService Thread Pool -- 65) RESTEASY002220: Adding singleton resource org.keycloak.services.resources.RobotsResource from Application class org.keycloak.services.resources.KeycloakApplication
2025-03-31 15:18:14,179 INFO  [org.jboss.resteasy.resteasy_jaxrs.i18n] (ServerService Thread Pool -- 65) RESTEASY002210: Adding provider singleton org.keycloak.services.util.ObjectMapperResolver from Application class org.keycloak.services.resources.KeycloakApplication
2025-03-31 15:18:14,221 INFO  [org.wildfly.extension.undertow] (ServerService Thread Pool -- 65) WFLYUT0021: Registered web context: '/auth' for server 'default-server'
2025-03-31 15:18:14,248 INFO  [org.jboss.as.server] (ServerService Thread Pool -- 55) WFLYSRV0010: Deployed "keycloak-server.war" (runtime-name : "keycloak-server.war")
2025-03-31 15:18:14,264 INFO  [org.jboss.as.server] (Controller Boot Thread) WFLYSRV0212: Resuming server
2025-03-31 15:18:14,265 INFO  [org.jboss.as] (Controller Boot Thread) WFLYSRV0025: Keycloak 11.0.1 (WildFly Core 12.0.3.Final) started in 4347ms - Started 588 of 886 services (601 services are lazy, passive or on-demand)
2025-03-31 15:18:14,265 INFO  [org.jboss.as] (Controller Boot Thread) WFLYSRV0060: Http management interface listening on http://127.0.0.1:9990/management
2025-03-31 15:18:14,266 INFO  [org.jboss.as] (Controller Boot Thread) WFLYSRV0051: Admin console listening on http://127.0.0.1:9990
2025-03-31 15:18:26,548 INFO  [org.jboss.as.server] (Thread-1) WFLYSRV0272: Suspending server
2025-03-31 15:18:26,549 INFO  [org.jboss.as.ejb3] (Thread-1) WFLYEJB0493: EJB subsystem suspension complete
2025-03-31 15:18:26,549 INFO  [org.jboss.as.server] (Thread-1) WFLYSRV0220: Server shutdown has been requested via an OS signal
2025-03-31 15:18:26,554 INFO  [org.jboss.as.connector.subsystems.datasources] (MSC service thread 1-6) WFLYJCA0010: Unbound data source [java:jboss/datasources/KeycloakDS]
2025-03-31 15:18:26,554 INFO  [org.jboss.as.mail.extension] (MSC service thread 1-8) WFLYMAIL0002: Unbound mail session [java:jboss/mail/Default]
2025-03-31 15:18:26,554 INFO  [org.wildfly.extension.undertow] (MSC service thread 1-3) WFLYUT0008: Undertow HTTPS listener https suspending
2025-03-31 15:18:26,555 INFO  [org.wildfly.extension.undertow] (MSC service thread 1-3) WFLYUT0007: Undertow HTTPS listener https stopped, was bound to 0.0.0.0:8443
2025-03-31 15:18:26,555 INFO  [org.wildfly.extension.undertow] (ServerService Thread Pool -- 27) WFLYUT0022: Unregistered web context: '/auth' from server 'default-server'
2025-03-31 15:18:26,557 INFO  [org.jboss.as.connector.subsystems.datasources] (MSC service thread 1-2) WFLYJCA0010: Unbound data source [java:jboss/datasources/ExampleDS]
2025-03-31 15:18:26,558 INFO  [org.jboss.as.connector.deployers.jdbc] (MSC service thread 1-4) WFLYJCA0019: Stopped Driver service with driver-name = h2
2025-03-31 15:18:26,558 INFO  [org.wildfly.extension.undertow] (MSC service thread 1-7) WFLYUT0019: Host default-host stopping
2025-03-31 15:18:26,560 INFO  [org.jboss.as.clustering.infinispan] (ServerService Thread Pool -- 12) WFLYCLINF0003: Stopped offlineSessions cache from keycloak container
2025-03-31 15:18:26,560 INFO  [org.jboss.as.clustering.infinispan] (ServerService Thread Pool -- 20) WFLYCLINF0003: Stopped keys cache from keycloak container
2025-03-31 15:18:26,560 INFO  [org.jboss.as.clustering.infinispan] (ServerService Thread Pool -- 9) WFLYCLINF0003: Stopped authorization cache from keycloak container
2025-03-31 15:18:26,560 INFO  [org.jboss.as.clustering.infinispan] (ServerService Thread Pool -- 21) WFLYCLINF0003: Stopped sessions cache from keycloak container
2025-03-31 15:18:26,560 INFO  [org.jboss.as.clustering.infinispan] (ServerService Thread Pool -- 19) WFLYCLINF0003: Stopped actionTokens cache from keycloak container
2025-03-31 15:18:26,560 INFO  [org.jboss.as.clustering.infinispan] (ServerService Thread Pool -- 26) WFLYCLINF0003: Stopped users cache from keycloak container
2025-03-31 15:18:26,560 INFO  [org.jboss.as.clustering.infinispan] (ServerService Thread Pool -- 28) WFLYCLINF0003: Stopped work cache from keycloak container
2025-03-31 15:18:26,560 INFO  [org.jboss.as.clustering.infinispan] (ServerService Thread Pool -- 7) WFLYCLINF0003: Stopped loginFailures cache from keycloak container
2025-03-31 15:18:26,560 INFO  [org.jboss.as.clustering.infinispan] (ServerService Thread Pool -- 27) WFLYCLINF0003: Stopped authenticationSessions cache from keycloak container
2025-03-31 15:18:26,560 INFO  [org.jboss.as.clustering.infinispan] (ServerService Thread Pool -- 10) WFLYCLINF0003: Stopped clientSessions cache from keycloak container
2025-03-31 15:18:26,560 INFO  [org.jboss.as.clustering.infinispan] (ServerService Thread Pool -- 23) WFLYCLINF0003: Stopped offlineClientSessions cache from keycloak container
2025-03-31 15:18:26,562 INFO  [org.jboss.as.server.deployment] (MSC service thread 1-8) WFLYSRV0028: Stopped deployment keycloak-server.war (runtime-name: keycloak-server.war) in 11ms
2025-03-31 15:18:26,562 INFO  [org.wildfly.extension.undertow] (MSC service thread 1-3) WFLYUT0008: Undertow HTTP listener default suspending
2025-03-31 15:18:26,562 INFO  [org.jboss.as.clustering.infinispan] (ServerService Thread Pool -- 16) WFLYCLINF0003: Stopped realms cache from keycloak container
2025-03-31 15:18:26,563 INFO  [org.wildfly.extension.undertow] (MSC service thread 1-3) WFLYUT0007: Undertow HTTP listener default stopped, was bound to 0.0.0.0:8585
2025-03-31 15:18:26,563 INFO  [org.infinispan.manager.DefaultCacheManager] (MSC service thread 1-6) Stopping cache manager null on null
2025-03-31 15:18:26,563 INFO  [org.jboss.as.clustering.infinispan] (ServerService Thread Pool -- 65) WFLYCLINF0003: Stopped client-mappings cache from ejb container
2025-03-31 15:18:26,563 INFO  [org.wildfly.extension.undertow] (MSC service thread 1-1) WFLYUT0004: Undertow 2.1.3.Final stopping
2025-03-31 15:18:26,563 INFO  [org.infinispan.manager.DefaultCacheManager] (MSC service thread 1-8) Stopping cache manager null on null
2025-03-31 15:18:26,568 INFO  [org.jboss.as] (MSC service thread 1-6) WFLYSRV0050: Keycloak 11.0.1 (WildFly Core 12.0.3.Final) stopped in 17ms
